Instance,Terminal,Layer,X location,Y location,Voltage
FILLER_0_26_176,VDD,Metal1,105.5600,121.5200,4.999981
FILLER_0_26_172,VDD,Metal1,104.5400,121.0875,4.999981
FILLER_0_26_169,VDD,Metal1,101.6400,121.5200,4.999981
FILLER_0_26_165,VDD,Metal1,100.6200,121.0875,4.999981
FILLER_0_26_152,VDD,Metal1,92.1200,121.5200,4.999978
FILLER_0_26_150,VDD,Metal1,91.2800,121.5200,4.999978
FILLER_0_26_146,VDD,Metal1,89.9800,121.0875,4.999978
FILLER_0_26_138,VDD,Metal1,86.7465,120.9430,4.999978
FILLER_0_26_135,VDD,Metal1,82.6000,121.5200,4.999976
FILLER_0_26_133,VDD,Metal1,81.7600,121.5200,4.999976
FILLER_0_26_129,VDD,Metal1,80.4600,121.0875,4.999976
FILLER_0_26_115,VDD,Metal1,73.8665,120.9430,4.999973
FILLER_0_26_104,VDD,Metal1,65.2400,121.5200,4.999968
FILLER_0_26_101,VDD,Metal1,63.5600,121.5200,4.999968
FILLER_0_26_97,VDD,Metal1,62.5400,121.0875,4.999968
FILLER_0_26_86,VDD,Metal1,55.1600,121.5200,4.999969
FILLER_0_26_84,VDD,Metal1,54.3200,121.5200,4.999969
FILLER_0_26_80,VDD,Metal1,53.0200,121.0875,4.999970
FILLER_0_26_67,VDD,Metal1,44.5200,121.5200,4.999973
FILLER_0_25_162,VDD,Metal1,97.7200,113.6800,4.999978
FILLER_0_25_158,VDD,Metal1,96.7000,114.1125,4.999978
FILLER_0_25_142,VDD,Metal1,91.3280,114.3720,4.999978
FILLER_0_25_139,VDD,Metal1,84.8400,113.6800,4.999978
FILLER_0_25_131,VDD,Metal1,82.8265,114.2565,4.999978
FILLER_0_25_72,VDD,Metal1,47.3200,113.6800,4.999980
FILLER_0_25_66,VDD,Metal1,45.1800,114.1125,4.999980
FILLER_0_24_167,VDD,Metal1,100.8000,113.6800,4.999978
FILLER_0_24_161,VDD,Metal1,97.4400,113.6800,4.999978
FILLER_0_24_111,VDD,Metal1,69.4400,113.6800,4.999979
FILLER_0_24_107,VDD,Metal1,68.1400,113.2475,4.999980
FILLER_0_24_101,VDD,Metal1,64.7800,113.2475,4.999980
FILLER_0_24_93,VDD,Metal1,61.5465,113.1030,4.999980
FILLER_0_24_20,VDD,Metal1,18.2000,113.6800,4.999985
FILLER_0_24_16,VDD,Metal1,17.1800,113.2475,4.999985
FILLER_0_23_184,VDD,Metal1,110.0400,105.8400,4.999968
FILLER_0_23_182,VDD,Metal1,109.2000,105.8400,4.999968
FILLER_0_23_142,VDD,Metal1,86.8000,105.8400,4.999970
FILLER_0_23_138,VDD,Metal1,84.5600,105.8400,4.999970
FILLER_0_23_134,VDD,Metal1,83.2600,106.2725,4.999970
FILLER_0_23_89,VDD,Metal1,56.8400,105.8400,4.999972
FILLER_0_22_145,VDD,Metal1,88.2000,105.8400,4.999969
FILLER_0_22_143,VDD,Metal1,87.3600,105.8400,4.999970
FILLER_0_22_122,VDD,Metal1,75.6000,105.8400,4.999972
FILLER_0_22_98,VDD,Metal1,61.8800,105.8400,4.999972
FILLER_0_22_59,VDD,Metal1,40.0400,105.8400,4.999969
FILLER_0_22_55,VDD,Metal1,39.0200,105.4075,4.999969
FILLER_0_22_45,VDD,Metal1,32.4800,105.8400,4.999968
FILLER_0_22_30,VDD,Metal1,23.8000,105.8400,4.999968
FILLER_0_21_129,VDD,Metal1,79.2400,98.0000,4.999941
FILLER_0_21_102,VDD,Metal1,64.1200,98.0000,4.999942
FILLER_0_21_100,VDD,Metal1,63.2800,98.0000,4.999942
FILLER_0_21_83,VDD,Metal1,53.4800,98.0000,4.999942
FILLER_0_21_81,VDD,Metal1,52.6400,98.0000,4.999942
FILLER_0_21_63,VDD,Metal1,42.2800,98.0000,4.999942
FILLER_0_21_24,VDD,Metal1,20.4400,98.0000,4.999943
FILLER_0_21_2,VDD,Metal1,8.1200,98.0000,4.999943
FILLER_0_20_174,VDD,Metal1,104.4400,98.0000,4.999938
FILLER_0_20_172,VDD,Metal1,103.6000,98.0000,4.999938
FILLER_0_20_148,VDD,Metal1,89.8800,98.0000,4.999938
FILLER_0_20_107,VDD,Metal1,66.9200,98.0000,4.999942
FILLER_0_20_53,VDD,Metal1,36.9600,98.0000,4.999942
FILLER_0_20_37,VDD,Metal1,27.7200,98.0000,4.999942
FILLER_0_20_28,VDD,Metal1,22.6800,98.0000,4.999942
FILLER_0_20_26,VDD,Metal1,21.8400,98.0000,4.999943
FILLER_0_20_22,VDD,Metal1,20.5400,97.5675,4.999943
FILLER_0_19_156,VDD,Metal1,94.3600,90.1600,4.999931
FILLER_0_19_108,VDD,Metal1,67.4800,90.1600,4.999932
FILLER_0_19_106,VDD,Metal1,66.6400,90.1600,4.999932
FILLER_0_19_72,VDD,Metal1,47.6000,90.1600,4.999936
FILLER_0_19_68,VDD,Metal1,45.3600,90.1600,4.999933
FILLER_0_19_24,VDD,Metal1,29.7955,90.9285,4.999933
FILLER_0_18_107,VDD,Metal1,67.2000,90.1600,4.999932
FILLER_0_18_93,VDD,Metal1,59.3600,90.1600,4.999933
FILLER_0_18_58,VDD,Metal1,40.7000,89.7275,4.999933
FILLER_0_18_45,VDD,Metal1,32.2000,90.1600,4.999933
FILLER_0_18_34,VDD,Metal1,26.0400,90.1600,4.999933
FILLER_0_18_2,VDD,Metal1,8.1200,90.1600,4.999935
FILLER_0_17_107,VDD,Metal1,66.9200,82.3200,4.999968
FILLER_0_17_105,VDD,Metal1,66.0800,82.3200,4.999968
FILLER_0_17_78,VDD,Metal1,50.6800,82.3200,4.999968
FILLER_0_17_72,VDD,Metal1,47.3200,82.3200,4.999969
FILLER_0_17_69,VDD,Metal1,45.6400,82.3200,4.999968
FILLER_0_17_67,VDD,Metal1,44.8000,82.3200,4.999968
FILLER_0_16_173,VDD,Metal1,104.1600,82.3200,4.999970
FILLER_0_16_140,VDD,Metal1,85.4000,82.3200,4.999969
FILLER_0_16_132,VDD,Metal1,81.2000,82.3200,4.999969
FILLER_0_16_109,VDD,Metal1,68.0400,82.3200,4.999968
FILLER_0_16_107,VDD,Metal1,67.2000,82.3200,4.999968
FILLER_0_16_104,VDD,Metal1,65.2400,82.3200,4.999967
FILLER_0_16_81,VDD,Metal1,52.3600,82.3200,4.999967
FILLER_0_16_37,VDD,Metal1,27.7200,82.3200,4.999968
FILLER_0_16_29,VDD,Metal1,23.2400,82.3200,4.999968
FILLER_0_16_27,VDD,Metal1,22.4000,82.3200,4.999969
FILLER_0_16_21,VDD,Metal1,18.7600,82.3200,4.999968
FILLER_0_15_175,VDD,Metal1,105.2800,74.4800,4.999968
FILLER_0_15_142,VDD,Metal1,86.8000,74.4800,4.999964
FILLER_0_15_133,VDD,Metal1,81.4800,74.4800,4.999964
FILLER_0_15_107,VDD,Metal1,66.9200,74.4800,4.999967
FILLER_0_15_91,VDD,Metal1,57.9600,74.4800,4.999976
FILLER_0_15_68,VDD,Metal1,45.3600,74.4800,4.999988
FILLER_0_15_63,VDD,Metal1,42.2800,74.4800,4.999988
FILLER_0_15_61,VDD,Metal1,41.4400,74.4800,4.999988
FILLER_0_15_48,VDD,Metal1,34.1600,74.4800,4.999990
FILLER_0_15_33,VDD,Metal1,25.4800,74.4800,4.999990
FILLER_0_15_31,VDD,Metal1,24.6400,74.4800,4.999990
FILLER_0_14_125,VDD,Metal1,77.2800,74.4800,4.999968
FILLER_0_14_104,VDD,Metal1,65.2400,74.4800,4.999964
FILLER_0_14_102,VDD,Metal1,64.4000,74.4800,4.999964
FILLER_0_14_51,VDD,Metal1,35.8400,74.4800,4.999988
FILLER_0_14_18,VDD,Metal1,17.0800,74.4800,4.999990
FILLER_0_14_16,VDD,Metal1,16.2400,74.4800,4.999990
FILLER_0_13_139,VDD,Metal1,84.8400,66.6400,4.999915
FILLER_0_13_69,VDD,Metal1,45.6400,66.6400,4.999949
FILLER_0_13_2,VDD,Metal1,8.1200,66.6400,4.999970
FILLER_0_12_174,VDD,Metal1,104.4400,66.6400,4.999913
FILLER_0_12_144,VDD,Metal1,87.9200,66.6400,4.999913
FILLER_0_12_73,VDD,Metal1,48.1600,66.6400,4.999924
FILLER_0_12_56,VDD,Metal1,38.3600,66.6400,4.999953
FILLER_0_12_16,VDD,Metal1,16.2400,66.6400,4.999970
FILLER_0_11_113,VDD,Metal1,70.2800,58.8000,4.999951
FILLER_0_11_97,VDD,Metal1,61.3200,58.8000,4.999954
FILLER_0_11_74,VDD,Metal1,48.4400,58.8000,4.999969
FILLER_0_11_72,VDD,Metal1,47.6000,58.8000,4.999969
FILLER_0_11_48,VDD,Metal1,33.8800,58.8000,4.999976
FILLER_0_11_46,VDD,Metal1,33.0400,58.8000,4.999976
FILLER_0_11_31,VDD,Metal1,24.6400,58.8000,4.999977
FILLER_0_10_149,VDD,Metal1,90.7200,58.8000,4.999948
FILLER_0_10_107,VDD,Metal1,67.2000,58.8000,4.999952
FILLER_0_10_96,VDD,Metal1,60.7600,58.8000,4.999954
FILLER_0_10_73,VDD,Metal1,48.1600,58.8000,4.999969
FILLER_0_10_53,VDD,Metal1,36.6800,58.8000,4.999976
FILLER_0_10_51,VDD,Metal1,35.8400,58.8000,4.999976
FILLER_0_10_37,VDD,Metal1,27.7200,58.8000,4.999977
FILLER_0_9_155,VDD,Metal1,94.0800,50.9600,4.999980
FILLER_0_9_92,VDD,Metal1,58.5200,50.9600,4.999981
FILLER_0_9_39,VDD,Metal1,29.1200,50.9600,4.999981
FILLER_0_9_32,VDD,Metal1,24.9200,50.9600,4.999981
FILLER_0_9_30,VDD,Metal1,24.0800,50.9600,4.999981
FILLER_0_9_2,VDD,Metal1,8.1200,50.9600,4.999981
FILLER_0_8_146,VDD,Metal1,88.7600,50.9600,4.999980
FILLER_0_8_144,VDD,Metal1,87.9200,50.9600,4.999980
FILLER_0_8_117,VDD,Metal1,72.5200,50.9600,4.999980
FILLER_0_8_16,VDD,Metal1,15.9600,50.9600,4.999981
FILLER_0_7_142,VDD,Metal1,86.8000,43.1200,4.999939
FILLER_0_6_160,VDD,Metal1,96.6000,43.1200,4.999940
FILLER_0_6_158,VDD,Metal1,95.7600,43.1200,4.999940
FILLER_0_6_107,VDD,Metal1,66.9200,43.1200,4.999939
FILLER_0_6_37,VDD,Metal1,27.7200,43.1200,4.999942
FILLER_0_6_25,VDD,Metal1,21.2800,43.1200,4.999943
FILLER_0_5_156,VDD,Metal1,94.3600,35.2800,4.999970
FILLER_0_5_72,VDD,Metal1,47.6000,35.2800,4.999976
FILLER_0_5_61,VDD,Metal1,41.1600,35.2800,4.999975
FILLER_0_5_59,VDD,Metal1,40.3200,35.2800,4.999975
FILLER_0_4_118,VDD,Metal1,73.0800,35.2800,4.999971
FILLER_0_4_107,VDD,Metal1,66.9200,35.2800,4.999972
FILLER_0_4_46,VDD,Metal1,32.7600,35.2800,4.999975
FILLER_0_3_144,VDD,Metal1,87.6400,27.4400,4.999950
FILLER_0_3_142,VDD,Metal1,86.8000,27.4400,4.999953
FILLER_0_2_143,VDD,Metal1,87.0800,27.4400,4.999953
FILLER_0_2_141,VDD,Metal1,86.2400,27.4400,4.999953
FILLER_0_1_148,VDD,Metal1,89.8800,19.6000,4.999968
FILLER_0_1_103,VDD,Metal1,64.6800,19.6000,4.999968
FILLER_0_1_101,VDD,Metal1,63.8400,19.6000,4.999968
FILLER_0_1_74,VDD,Metal1,48.4400,19.6000,4.999968
FILLER_0_1_72,VDD,Metal1,47.6000,19.6000,4.999968
FILLER_0_0_169,VDD,Metal1,101.6400,19.6000,4.999969
FILLER_0_0_140,VDD,Metal1,85.4000,19.6000,4.999969
FILLER_0_0_138,VDD,Metal1,84.5600,19.6000,4.999969
FILLER_0_0_134,VDD,Metal1,82.3200,19.6000,4.999969
FILLER_0_0_110,VDD,Metal1,68.6000,19.6000,4.999969
clkload2,VDD,Metal1,74.9775,90.6675,4.999931
clkload1,VDD,Metal1,48.6575,89.6525,4.999933
clkload0,VDD,Metal1,55.2100,42.6975,4.999939
clkbuf_2_3__f_clk,VDD,Metal1,81.6110,89.6625,4.999931
clkbuf_2_2__f_clk,VDD,Metal1,51.6685,97.5025,4.999942
clkbuf_2_1__f_clk,VDD,Metal1,81.0510,42.6225,4.999939
clkbuf_2_0__f_clk,VDD,Metal1,61.1885,43.6170,4.999939
clkbuf_0_clk,VDD,Metal1,66.2285,67.1370,4.999918
fanout91,VDD,Metal1,77.5380,114.0830,4.999978
fanout90,VDD,Metal1,72.6630,113.2430,4.999979
fanout89,VDD,Metal1,102.1780,89.7565,4.999932
fanout88,VDD,Metal1,70.1365,34.8430,4.999971
output87,VDD,Metal1,11.9080,59.2740,4.999980
output86,VDD,Metal1,11.9080,58.3260,4.999980
output85,VDD,Metal1,11.9080,50.4860,4.999981
output84,VDD,Metal1,11.9080,42.6460,4.999943
output83,VDD,Metal1,11.9080,34.8060,4.999976
output82,VDD,Metal1,19.7480,34.8060,4.999976
output81,VDD,Metal1,11.9080,26.9660,4.999958
output80,VDD,Metal1,11.9080,20.0740,4.999946
output79,VDD,Metal1,30.6520,27.9140,4.999957
output78,VDD,Metal1,11.9080,66.1660,4.999970
output77,VDD,Metal1,19.7480,26.9720,4.999958
output76,VDD,Metal1,109.6120,58.3260,4.999948
output75,VDD,Metal1,100.6520,58.3260,4.999948
output74,VDD,Metal1,109.6120,50.4860,4.999980
output73,VDD,Metal1,109.6120,42.6460,4.999940
output72,VDD,Metal1,109.6120,26.9660,4.999950
output71,VDD,Metal1,109.6120,34.8060,4.999970
output70,VDD,Metal1,100.6520,42.6460,4.999940
output69,VDD,Metal1,90.0120,35.7540,4.999970
output68,VDD,Metal1,100.6520,50.4860,4.999980
output67,VDD,Metal1,109.6120,66.1660,4.999913
output66,VDD,Metal1,73.7720,26.9720,4.999955
output65,VDD,Metal1,19.7480,121.0460,4.999977
output64,VDD,Metal1,11.9080,114.1540,4.999985
output63,VDD,Metal1,11.9080,113.2060,4.999985
output62,VDD,Metal1,19.7480,105.3660,4.999968
output61,VDD,Metal1,11.9080,105.3660,4.999967
output60,VDD,Metal1,11.9080,97.5260,4.999943
output59,VDD,Metal1,11.9080,90.6340,4.999935
output58,VDD,Metal1,11.9080,81.8460,4.999968
output57,VDD,Metal1,11.9080,74.9540,4.999990
output56,VDD,Metal1,11.9080,121.0460,4.999976
output55,VDD,Metal1,11.9080,74.0060,4.999990
output54,VDD,Metal1,101.7720,114.1540,4.999978
output53,VDD,Metal1,109.6120,114.1540,4.999978
output52,VDD,Metal1,109.6120,113.2060,4.999978
output51,VDD,Metal1,100.6520,105.3660,4.999968
output50,VDD,Metal1,109.6120,105.3660,4.999968
output49,VDD,Metal1,109.6120,97.5260,4.999938
output48,VDD,Metal1,109.6120,89.6860,4.999932
output47,VDD,Metal1,109.6120,82.7940,4.999969
output46,VDD,Metal1,109.6120,74.9540,4.999968
output45,VDD,Metal1,109.6120,121.0460,4.999981
output44,VDD,Metal1,109.6120,74.0060,4.999968
output43,VDD,Metal1,106.8120,19.1320,4.999968
output42,VDD,Metal1,97.5880,19.1320,4.999969
output41,VDD,Metal1,72.6520,19.1320,4.999969
output40,VDD,Metal1,59.7720,19.1320,4.999968
output39,VDD,Metal1,59.2120,20.0680,4.999968
output38,VDD,Metal1,51.9320,19.1320,4.999968
output37,VDD,Metal1,40.7320,19.1320,4.999950
output36,VDD,Metal1,32.8920,19.1320,4.999950
output35,VDD,Metal1,21.6920,19.1320,4.999948
output34,VDD,Metal1,92.8120,50.4920,4.999980
output33,VDD,Metal1,21.6920,20.0680,4.999948
output32,VDD,Metal1,77.1320,34.8120,4.999970
output31,VDD,Metal1,14.1480,19.1320,4.999946
output30,VDD,Metal1,81.6120,26.9720,4.999954
output29,VDD,Metal1,91.1320,26.9720,4.999950
output28,VDD,Metal1,81.0520,27.9080,4.999954
output27,VDD,Metal1,21.8300,51.2325,4.999981
output26,VDD,Metal1,68.1830,121.0830,4.999968
output25,VDD,Metal1,58.3765,121.0830,4.999968
output24,VDD,Metal1,48.8565,121.0830,4.999970
output23,VDD,Metal1,37.9430,121.0830,4.999974
output22,VDD,Metal1,29.8165,121.0830,4.999976
output21,VDD,Metal1,30.3765,113.2430,4.999985
output20,VDD,Metal1,29.8165,106.2765,4.999968
input19,VDD,Metal1,17.2600,97.6985,4.999943
input18,VDD,Metal1,112.1000,106.1410,4.999968
input17,VDD,Metal1,74.3800,35.5810,4.999971
input16,VDD,Metal1,45.8200,50.6585,4.999981
input15,VDD,Metal1,88.0200,19.9010,4.999968
input14,VDD,Metal1,50.3000,19.9010,4.999968
input13,VDD,Metal1,50.3000,66.3385,4.999919
input12,VDD,Metal1,42.4600,50.6585,4.999981
input11,VDD,Metal1,39.1000,50.6585,4.999981
input10,VDD,Metal1,35.7400,50.6585,4.999981
input9,VDD,Metal1,24.5400,50.6585,4.999981
input8,VDD,Metal1,98.4600,74.1785,4.999966
input7,VDD,Metal1,26.9800,51.2610,4.999981
input6,VDD,Metal1,97.5400,121.2185,4.999981
input5,VDD,Metal1,103.1400,113.3785,4.999978
input4,VDD,Metal1,77.1800,121.2185,4.999974
input3,VDD,Metal1,53.8600,58.4985,4.999959
input2,VDD,Metal1,94.1800,121.2185,4.999980
input1,VDD,Metal1,41.7415,27.8430,4.999957
TAP_TAPCELL_ROW_26_125,VDD,Metal1,102.4800,120.8500,4.999981
TAP_TAPCELL_ROW_26_124,VDD,Metal1,83.4400,120.8500,4.999977
TAP_TAPCELL_ROW_26_123,VDD,Metal1,64.4000,120.8500,4.999968
TAP_TAPCELL_ROW_26_122,VDD,Metal1,45.3600,120.8500,4.999972
TAP_TAPCELL_ROW_26_121,VDD,Metal1,26.3200,120.8500,4.999976
TAP_TAPCELL_ROW_25_120,VDD,Metal1,85.6800,114.3500,4.999978
TAP_TAPCELL_ROW_25_119,VDD,Metal1,46.4800,114.3500,4.999980
TAP_TAPCELL_ROW_24_118,VDD,Metal1,105.2800,113.0100,4.999978
TAP_TAPCELL_ROW_24_117,VDD,Metal1,66.0800,113.0100,4.999980
TAP_TAPCELL_ROW_24_116,VDD,Metal1,26.8800,113.0100,4.999985
TAP_TAPCELL_ROW_23_115,VDD,Metal1,85.6800,106.5100,4.999970
TAP_TAPCELL_ROW_23_114,VDD,Metal1,46.4800,106.5100,4.999973
TAP_TAPCELL_ROW_22_113,VDD,Metal1,105.2800,105.1700,4.999968
TAP_TAPCELL_ROW_22_112,VDD,Metal1,66.0800,105.1700,4.999972
TAP_TAPCELL_ROW_22_111,VDD,Metal1,26.8800,105.1700,4.999968
TAP_TAPCELL_ROW_21_110,VDD,Metal1,85.6800,98.6700,4.999938
TAP_TAPCELL_ROW_21_109,VDD,Metal1,46.4800,98.6700,4.999942
TAP_TAPCELL_ROW_20_108,VDD,Metal1,105.2800,97.3300,4.999938
TAP_TAPCELL_ROW_20_107,VDD,Metal1,66.0800,97.3300,4.999942
TAP_TAPCELL_ROW_20_106,VDD,Metal1,26.8800,97.3300,4.999942
TAP_TAPCELL_ROW_19_105,VDD,Metal1,85.6800,90.8300,4.999931
TAP_TAPCELL_ROW_19_104,VDD,Metal1,46.4800,90.8300,4.999933
TAP_TAPCELL_ROW_18_103,VDD,Metal1,105.2800,89.4900,4.999932
TAP_TAPCELL_ROW_18_102,VDD,Metal1,66.0800,89.4900,4.999932
TAP_TAPCELL_ROW_18_101,VDD,Metal1,26.8800,89.4900,4.999933
TAP_TAPCELL_ROW_17_100,VDD,Metal1,85.6800,82.9900,4.999969
TAP_TAPCELL_ROW_17_99,VDD,Metal1,46.4800,82.9900,4.999969
TAP_TAPCELL_ROW_16_98,VDD,Metal1,105.2800,81.6500,4.999970
TAP_TAPCELL_ROW_16_97,VDD,Metal1,66.0800,81.6500,4.999968
TAP_TAPCELL_ROW_16_96,VDD,Metal1,26.8800,81.6500,4.999968
TAP_TAPCELL_ROW_15_95,VDD,Metal1,85.6800,75.1500,4.999964
TAP_TAPCELL_ROW_15_94,VDD,Metal1,46.4800,75.1500,4.999988
TAP_TAPCELL_ROW_14_93,VDD,Metal1,105.2800,73.8100,4.999968
TAP_TAPCELL_ROW_14_92,VDD,Metal1,66.0800,73.8100,4.999964
TAP_TAPCELL_ROW_14_91,VDD,Metal1,26.8800,73.8100,4.999990
TAP_TAPCELL_ROW_13_90,VDD,Metal1,85.6800,67.3100,4.999914
TAP_TAPCELL_ROW_13_89,VDD,Metal1,46.4800,67.3100,4.999949
TAP_TAPCELL_ROW_12_88,VDD,Metal1,105.2800,65.9700,4.999913
TAP_TAPCELL_ROW_12_87,VDD,Metal1,66.0800,65.9700,4.999918
TAP_TAPCELL_ROW_12_86,VDD,Metal1,26.8800,65.9700,4.999960
TAP_TAPCELL_ROW_11_85,VDD,Metal1,85.6800,59.4700,4.999949
TAP_TAPCELL_ROW_11_84,VDD,Metal1,46.4800,59.4700,4.999969
TAP_TAPCELL_ROW_10_83,VDD,Metal1,105.2800,58.1300,4.999948
TAP_TAPCELL_ROW_10_82,VDD,Metal1,66.0800,58.1300,4.999952
TAP_TAPCELL_ROW_10_81,VDD,Metal1,26.8800,58.1300,4.999977
TAP_TAPCELL_ROW_9_80,VDD,Metal1,85.6800,51.6300,4.999980
TAP_TAPCELL_ROW_9_79,VDD,Metal1,46.4800,51.6300,4.999982
TAP_TAPCELL_ROW_8_78,VDD,Metal1,105.2800,50.2900,4.999980
TAP_TAPCELL_ROW_8_77,VDD,Metal1,66.0800,50.2900,4.999980
TAP_TAPCELL_ROW_8_76,VDD,Metal1,26.8800,50.2900,4.999981
TAP_TAPCELL_ROW_7_75,VDD,Metal1,85.6800,43.7900,4.999939
TAP_TAPCELL_ROW_7_74,VDD,Metal1,46.4800,43.7900,4.999940
TAP_TAPCELL_ROW_6_73,VDD,Metal1,105.2800,42.4500,4.999940
TAP_TAPCELL_ROW_6_72,VDD,Metal1,66.0800,42.4500,4.999939
TAP_TAPCELL_ROW_6_71,VDD,Metal1,26.8800,42.4500,4.999942
TAP_TAPCELL_ROW_5_70,VDD,Metal1,85.6800,35.9500,4.999970
TAP_TAPCELL_ROW_5_69,VDD,Metal1,46.4800,35.9500,4.999976
TAP_TAPCELL_ROW_4_68,VDD,Metal1,105.2800,34.6100,4.999970
TAP_TAPCELL_ROW_4_67,VDD,Metal1,66.0800,34.6100,4.999972
TAP_TAPCELL_ROW_4_66,VDD,Metal1,26.8800,34.6100,4.999976
TAP_TAPCELL_ROW_3_65,VDD,Metal1,85.6800,28.1100,4.999954
TAP_TAPCELL_ROW_3_64,VDD,Metal1,46.4800,28.1100,4.999957
TAP_TAPCELL_ROW_2_63,VDD,Metal1,105.2800,26.7700,4.999950
TAP_TAPCELL_ROW_2_62,VDD,Metal1,66.0800,26.7700,4.999955
TAP_TAPCELL_ROW_2_61,VDD,Metal1,26.8800,26.7700,4.999958
TAP_TAPCELL_ROW_1_60,VDD,Metal1,85.6800,20.2700,4.999968
TAP_TAPCELL_ROW_1_59,VDD,Metal1,46.4800,20.2700,4.999968
TAP_TAPCELL_ROW_0_58,VDD,Metal1,102.4800,18.9300,4.999969
TAP_TAPCELL_ROW_0_57,VDD,Metal1,83.4400,18.9300,4.999969
TAP_TAPCELL_ROW_0_56,VDD,Metal1,64.4000,18.9300,4.999968
TAP_TAPCELL_ROW_0_55,VDD,Metal1,45.3600,18.9300,4.999951
TAP_TAPCELL_ROW_0_54,VDD,Metal1,26.3200,18.9300,4.999948
PHY_EDGE_ROW_26_Left_53,VDD,Metal1,7.2730,120.8480,4.999976
PHY_EDGE_ROW_25_Left_52,VDD,Metal1,7.2730,114.3515,4.999985
PHY_EDGE_ROW_24_Left_51,VDD,Metal1,7.2730,113.0080,4.999985
PHY_EDGE_ROW_23_Left_50,VDD,Metal1,7.2730,106.5115,4.999967
PHY_EDGE_ROW_22_Left_49,VDD,Metal1,7.2730,105.1680,4.999967
PHY_EDGE_ROW_21_Left_48,VDD,Metal1,7.2730,98.6715,4.999943
PHY_EDGE_ROW_20_Left_47,VDD,Metal1,7.2730,97.3280,4.999943
PHY_EDGE_ROW_19_Left_46,VDD,Metal1,7.2730,90.8315,4.999935
PHY_EDGE_ROW_18_Left_45,VDD,Metal1,7.2730,89.4880,4.999935
PHY_EDGE_ROW_17_Left_44,VDD,Metal1,7.2730,82.9915,4.999968
PHY_EDGE_ROW_16_Left_43,VDD,Metal1,7.2730,81.6480,4.999968
PHY_EDGE_ROW_15_Left_42,VDD,Metal1,7.2730,75.1515,4.999990
PHY_EDGE_ROW_14_Left_41,VDD,Metal1,7.2730,73.8080,4.999990
PHY_EDGE_ROW_13_Left_40,VDD,Metal1,7.2730,67.3115,4.999970
PHY_EDGE_ROW_12_Left_39,VDD,Metal1,7.2730,65.9680,4.999970
PHY_EDGE_ROW_11_Left_38,VDD,Metal1,7.2730,59.4715,4.999980
PHY_EDGE_ROW_10_Left_37,VDD,Metal1,7.2730,58.1280,4.999980
PHY_EDGE_ROW_9_Left_36,VDD,Metal1,7.2730,51.6315,4.999981
PHY_EDGE_ROW_8_Left_35,VDD,Metal1,7.2730,50.2880,4.999981
PHY_EDGE_ROW_7_Left_34,VDD,Metal1,7.2730,43.7915,4.999943
PHY_EDGE_ROW_6_Left_33,VDD,Metal1,7.2730,42.4480,4.999943
PHY_EDGE_ROW_5_Left_32,VDD,Metal1,7.2730,35.9515,4.999976
PHY_EDGE_ROW_4_Left_31,VDD,Metal1,7.2730,34.6080,4.999976
PHY_EDGE_ROW_3_Left_30,VDD,Metal1,7.2730,28.1115,4.999958
PHY_EDGE_ROW_2_Left_29,VDD,Metal1,7.2730,26.7680,4.999958
PHY_EDGE_ROW_1_Left_28,VDD,Metal1,7.2730,20.2715,4.999946
PHY_EDGE_ROW_0_Left_27,VDD,Metal1,7.2730,18.9280,4.999946
PHY_EDGE_ROW_26_Right_26,VDD,Metal1,114.2465,120.8480,4.999981
PHY_EDGE_ROW_25_Right_25,VDD,Metal1,114.2465,114.3515,4.999978
PHY_EDGE_ROW_24_Right_24,VDD,Metal1,114.2465,113.0080,4.999978
PHY_EDGE_ROW_23_Right_23,VDD,Metal1,114.2465,106.5115,4.999968
PHY_EDGE_ROW_22_Right_22,VDD,Metal1,114.2465,105.1680,4.999968
PHY_EDGE_ROW_21_Right_21,VDD,Metal1,114.2465,98.6715,4.999938
PHY_EDGE_ROW_20_Right_20,VDD,Metal1,114.2465,97.3280,4.999938
PHY_EDGE_ROW_19_Right_19,VDD,Metal1,114.2465,90.8315,4.999932
PHY_EDGE_ROW_18_Right_18,VDD,Metal1,114.2465,89.4880,4.999932
PHY_EDGE_ROW_17_Right_17,VDD,Metal1,114.2465,82.9915,4.999969
PHY_EDGE_ROW_16_Right_16,VDD,Metal1,114.2465,81.6480,4.999969
PHY_EDGE_ROW_15_Right_15,VDD,Metal1,114.2465,75.1515,4.999968
PHY_EDGE_ROW_14_Right_14,VDD,Metal1,114.2465,73.8080,4.999968
PHY_EDGE_ROW_13_Right_13,VDD,Metal1,114.2465,67.3115,4.999913
PHY_EDGE_ROW_12_Right_12,VDD,Metal1,114.2465,65.9680,4.999913
PHY_EDGE_ROW_11_Right_11,VDD,Metal1,114.2465,59.4715,4.999948
PHY_EDGE_ROW_10_Right_10,VDD,Metal1,114.2465,58.1280,4.999948
PHY_EDGE_ROW_9_Right_9,VDD,Metal1,114.2465,51.6315,4.999980
PHY_EDGE_ROW_8_Right_8,VDD,Metal1,114.2465,50.2880,4.999980
PHY_EDGE_ROW_7_Right_7,VDD,Metal1,114.2465,43.7915,4.999940
PHY_EDGE_ROW_6_Right_6,VDD,Metal1,114.2465,42.4480,4.999940
PHY_EDGE_ROW_5_Right_5,VDD,Metal1,114.2465,35.9515,4.999970
PHY_EDGE_ROW_4_Right_4,VDD,Metal1,114.2465,34.6080,4.999970
PHY_EDGE_ROW_3_Right_3,VDD,Metal1,114.2465,28.1115,4.999950
PHY_EDGE_ROW_2_Right_2,VDD,Metal1,114.2465,26.7680,4.999950
PHY_EDGE_ROW_1_Right_1,VDD,Metal1,114.2465,20.2715,4.999968
PHY_EDGE_ROW_0_Right_0,VDD,Metal1,114.2465,18.9280,4.999968
_535_,VDD,Metal1,17.9165,82.9230,4.999968
_534_,VDD,Metal1,61.0365,114.2830,4.999980
_533_,VDD,Metal1,104.7200,98.6285,4.999938
_532_,VDD,Metal1,17.9165,106.4430,4.999967
_531_,VDD,Metal1,44.7965,42.5165,4.999939
_530_,VDD,Metal1,104.7200,28.0685,4.999950
_529_,VDD,Metal1,104.7200,59.4285,4.999948
_528_,VDD,Metal1,104.7165,35.8830,4.999970
_527_,VDD,Metal1,104.7165,51.5630,4.999980
_526_,VDD,Metal1,104.7200,67.2685,4.999913
_525_,VDD,Metal1,101.3600,20.2285,4.999968
_524_,VDD,Metal1,76.1600,20.2285,4.999969
_523_,VDD,Metal1,104.7200,43.7485,4.999940
_522_,VDD,Metal1,56.5565,26.8365,4.999956
_521_,VDD,Metal1,68.3200,28.0685,4.999955
_520_,VDD,Metal1,36.9600,20.2285,4.999951
_519_,VDD,Metal1,25.7565,114.2830,4.999985
_518_,VDD,Metal1,37.5165,26.8365,4.999957
_517_,VDD,Metal1,19.0400,35.9085,4.999976
_516_,VDD,Metal1,17.9165,28.0430,4.999958
_515_,VDD,Metal1,43.1165,34.6765,4.999975
_514_,VDD,Metal1,17.9165,43.7230,4.999943
_513_,VDD,Metal1,68.3230,106.4430,4.999972
_512_,VDD,Metal1,30.7965,98.6030,4.999942
_511_,VDD,Metal1,45.3565,113.0765,4.999980
_510_,VDD,Metal1,85.6765,113.0765,4.999978
_509_,VDD,Metal1,99.6765,106.4430,4.999968
_508_,VDD,Metal1,104.7165,90.7630,4.999932
_507_,VDD,Metal1,9.9800,89.8585,4.999935
_506_,VDD,Metal1,15.2275,89.5805,4.999935
_505_,VDD,Metal1,21.5700,89.5965,4.999934
_504_,VDD,Metal1,19.3000,66.2025,4.999970
_503_,VDD,Metal1,49.1800,113.9810,4.999980
_502_,VDD,Metal1,56.6675,105.2605,4.999972
_501_,VDD,Metal1,62.2600,82.7425,4.999967
_500_,VDD,Metal1,62.5800,50.5775,4.999980
_499_,VDD,Metal1,57.9100,50.5375,4.999981
_498_,VDD,Metal1,59.7800,98.3825,4.999942
_497_,VDD,Metal1,100.9165,97.5665,4.999938
_496_,VDD,Metal1,89.8700,105.2765,4.999969
_495_,VDD,Metal1,9.9800,98.3010,4.999943
_494_,VDD,Metal1,15.2275,98.5790,4.999943
_493_,VDD,Metal1,24.3500,89.5965,4.999933
_492_,VDD,Metal1,19.8600,74.0425,4.999990
_491_,VDD,Metal1,22.6900,75.0430,4.999990
_490_,VDD,Metal1,32.3800,50.6585,4.999981
_489_,VDD,Metal1,40.9875,51.5390,4.999981
_488_,VDD,Metal1,50.2930,51.5230,4.999981
_487_,VDD,Metal1,55.6935,51.3500,4.999981
_486_,VDD,Metal1,46.0600,58.4175,4.999969
_485_,VDD,Metal1,90.2665,43.6830,4.999939
_484_,VDD,Metal1,49.9565,50.5265,4.999981
_483_,VDD,Metal1,104.4300,82.8830,4.999970
_482_,VDD,Metal1,78.1700,43.5425,4.999939
_481_,VDD,Metal1,84.4400,50.5225,4.999980
_480_,VDD,Metal1,67.6600,27.0175,4.999955
_479_,VDD,Metal1,93.9400,74.0975,4.999965
_478_,VDD,Metal1,96.1400,113.2450,4.999978
_477_,VDD,Metal1,102.7375,34.9850,4.999970
_476_,VDD,Metal1,27.6200,19.1650,4.999950
_475_,VDD,Metal1,79.7775,19.3050,4.999969
_474_,VDD,Metal1,41.1500,59.3630,4.999969
_473_,VDD,Metal1,29.3900,35.8430,4.999976
_472_,VDD,Metal1,27.6200,82.7550,4.999968
_471_,VDD,Metal1,55.1375,27.7350,4.999956
_470_,VDD,Metal1,46.6600,19.1650,4.999968
_469_,VDD,Metal1,57.9375,34.9850,4.999974
_468_,VDD,Metal1,31.0700,67.2030,4.999954
_467_,VDD,Metal1,29.3900,58.2365,4.999976
_466_,VDD,Metal1,25.0200,121.0850,4.999977
_465_,VDD,Metal1,30.3800,105.4575,4.999968
_464_,VDD,Metal1,29.8600,82.7550,4.999968
_463_,VDD,Metal1,29.4225,34.9850,4.999976
_462_,VDD,Metal1,8.5800,19.1650,4.999946
_461_,VDD,Metal1,17.6625,42.8250,4.999943
_460_,VDD,Metal1,31.0900,59.3630,4.999976
_459_,VDD,Metal1,35.5700,59.3630,4.999976
_458_,VDD,Metal1,28.1800,66.2050,4.999960
_457_,VDD,Metal1,50.0975,27.7350,4.999956
_456_,VDD,Metal1,89.7480,19.1260,4.999968
_455_,VDD,Metal1,78.8600,74.0575,4.999964
_454_,VDD,Metal1,9.9800,51.2610,4.999981
_453_,VDD,Metal1,30.3475,43.6990,4.999942
_452_,VDD,Metal1,31.5265,42.6780,4.999942
_451_,VDD,Metal1,28.2700,67.2030,4.999960
_450_,VDD,Metal1,32.3400,58.4175,4.999976
_449_,VDD,Metal1,63.7400,105.5385,4.999972
_448_,VDD,Metal1,70.1075,105.2605,4.999972
_447_,VDD,Metal1,85.6725,34.7075,4.999970
_446_,VDD,Metal1,70.3060,51.3500,4.999980
_445_,VDD,Metal1,89.7200,51.4300,4.999980
_444_,VDD,Metal1,74.0600,98.3825,4.999942
_443_,VDD,Metal1,24.7400,97.6985,4.999942
_442_,VDD,Metal1,31.4675,97.4205,4.999942
_441_,VDD,Metal1,33.8900,73.9165,4.999990
_440_,VDD,Metal1,34.8365,67.0730,4.999953
_439_,VDD,Metal1,36.4165,66.1765,4.999953
_438_,VDD,Metal1,35.9800,105.4575,4.999969
_437_,VDD,Metal1,42.6600,121.2185,4.999973
_436_,VDD,Metal1,43.7875,105.2605,4.999973
_435_,VDD,Metal1,50.0975,98.2950,4.999942
_434_,VDD,Metal1,40.7800,58.3775,4.999969
_433_,VDD,Metal1,81.3200,51.4300,4.999980
_432_,VDD,Metal1,43.5800,98.4225,4.999942
_431_,VDD,Metal1,51.6600,105.4575,4.999972
_430_,VDD,Metal1,80.1800,106.1410,4.999970
_429_,VDD,Metal1,81.8675,105.2605,4.999970
_428_,VDD,Metal1,83.7100,90.7230,4.999930
_427_,VDD,Metal1,85.4200,74.0425,4.999964
_426_,VDD,Metal1,83.7300,98.5630,4.999938
_425_,VDD,Metal1,92.5165,97.5665,4.999938
_424_,VDD,Metal1,96.3030,97.5365,4.999938
_423_,VDD,Metal1,91.8080,74.8825,4.999965
_422_,VDD,Metal1,97.7300,75.0430,4.999966
_421_,VDD,Metal1,98.1165,89.7265,4.999932
_420_,VDD,Metal1,90.7030,81.8565,4.999969
_419_,VDD,Metal1,90.9775,98.2950,4.999938
_418_,VDD,Metal1,88.1000,106.2750,4.999969
_417_,VDD,Metal1,92.8430,82.7530,4.999969
_416_,VDD,Metal1,84.1000,81.8975,4.999969
_415_,VDD,Metal1,60.9230,51.3930,4.999980
_414_,VDD,Metal1,80.1800,50.6585,4.999980
_413_,VDD,Metal1,90.8400,27.8775,4.999950
_412_,VDD,Metal1,14.1000,51.3825,4.999981
_411_,VDD,Metal1,65.4030,51.3930,4.999980
_410_,VDD,Metal1,95.6120,34.8060,4.999970
_409_,VDD,Metal1,85.2700,58.2730,4.999949
_408_,VDD,Metal1,40.0300,66.0765,4.999953
_407_,VDD,Metal1,24.9100,26.8765,4.999958
_406_,VDD,Metal1,61.5000,66.3385,4.999918
_405_,VDD,Metal1,49.9330,35.7275,4.999975
_404_,VDD,Metal1,100.8900,27.2060,4.999950
_403_,VDD,Metal1,18.6600,90.5950,4.999936
_402_,VDD,Metal1,39.8600,90.4610,4.999933
_401_,VDD,Metal1,43.7800,90.5825,4.999933
_400_,VDD,Metal1,82.1530,43.6015,4.999939
_399_,VDD,Metal1,75.4100,51.4410,4.999980
_398_,VDD,Metal1,83.6065,74.9705,4.999964
_397_,VDD,Metal1,56.4375,35.6010,4.999974
_396_,VDD,Metal1,35.2480,35.6825,4.999975
_395_,VDD,Metal1,63.2630,42.6565,4.999939
_394_,VDD,Metal1,38.3500,59.3630,4.999976
_393_,VDD,Metal1,43.3525,35.7025,4.999975
_392_,VDD,Metal1,24.9100,34.7165,4.999976
_391_,VDD,Metal1,80.6720,35.6825,4.999970
_390_,VDD,Metal1,16.4200,20.0350,4.999946
_389_,VDD,Metal1,91.1630,67.0730,4.999912
_388_,VDD,Metal1,95.4900,105.2765,4.999968
_387_,VDD,Metal1,93.9465,58.3780,4.999948
_386_,VDD,Metal1,86.7000,81.8975,4.999969
_385_,VDD,Metal1,88.6700,59.2810,4.999948
_384_,VDD,Metal1,44.9000,43.5425,4.999939
_383_,VDD,Metal1,65.9800,19.1775,4.999969
_382_,VDD,Metal1,111.3400,20.0225,4.999968
_381_,VDD,Metal1,53.1000,20.0225,4.999968
_380_,VDD,Metal1,54.2200,59.2225,4.999959
_379_,VDD,Metal1,49.7400,58.3775,4.999963
_378_,VDD,Metal1,43.5800,59.2225,4.999969
_377_,VDD,Metal1,35.1800,51.3825,4.999981
_376_,VDD,Metal1,28.4600,50.5375,4.999981
_375_,VDD,Metal1,21.9400,50.5375,4.999981
_374_,VDD,Metal1,18.5800,50.5375,4.999981
_373_,VDD,Metal1,82.6215,67.0430,4.999916
_372_,VDD,Metal1,75.3300,73.9165,4.999968
_371_,VDD,Metal1,100.6830,82.7530,4.999970
_370_,VDD,Metal1,85.0550,97.4610,4.999938
_369_,VDD,Metal1,80.9100,98.5630,4.999938
_368_,VDD,Metal1,88.3630,82.7530,4.999969
_367_,VDD,Metal1,92.7800,59.2350,4.999948
_366_,VDD,Metal1,68.7630,98.4330,4.999942
_365_,VDD,Metal1,79.8225,82.6150,4.999969
_364_,VDD,Metal1,63.7230,90.5930,4.999932
_363_,VDD,Metal1,75.8575,82.6150,4.999969
_362_,VDD,Metal1,71.3900,75.0430,4.999967
_361_,VDD,Metal1,57.5630,82.7530,4.999967
_360_,VDD,Metal1,66.9425,59.0950,4.999952
_359_,VDD,Metal1,65.2300,75.0430,4.999964
_358_,VDD,Metal1,64.7800,82.7550,4.999967
_357_,VDD,Metal1,55.8830,98.4330,4.999942
_356_,VDD,Metal1,57.4225,58.5050,4.999954
_355_,VDD,Metal1,38.3500,58.2365,4.999976
_354_,VDD,Metal1,58.6200,106.2750,4.999972
_353_,VDD,Metal1,50.2830,90.5930,4.999933
_352_,VDD,Metal1,54.6225,74.7750,4.999977
_351_,VDD,Metal1,52.9100,73.9165,4.999982
_350_,VDD,Metal1,44.8720,81.8475,4.999968
_349_,VDD,Metal1,54.0500,90.7230,4.999933
_348_,VDD,Metal1,36.8600,89.7375,4.999933
_347_,VDD,Metal1,37.0320,82.7925,4.999968
_346_,VDD,Metal1,34.9900,81.7565,4.999968
_345_,VDD,Metal1,34.8200,89.7375,4.999933
_344_,VDD,Metal1,18.9700,74.8525,4.999990
_343_,VDD,Metal1,17.0700,81.7565,4.999968
_342_,VDD,Metal1,9.7900,67.2030,4.999970
_341_,VDD,Metal1,22.6900,67.2030,4.999969
_340_,VDD,Metal1,62.5830,89.7230,4.999932
_339_,VDD,Metal1,61.9015,74.0765,4.999964
_338_,VDD,Metal1,19.1565,67.0730,4.999970
_337_,VDD,Metal1,17.1025,51.2550,4.999981
_336_,VDD,Metal1,95.0830,81.8865,4.999969
_335_,VDD,Metal1,112.1000,82.0185,4.999969
_334_,VDD,Metal1,102.5600,74.9025,4.999968
_333_,VDD,Metal1,99.5000,113.2450,4.999978
_332_,VDD,Metal1,79.7900,75.0430,4.999964
_331_,VDD,Metal1,76.0900,74.8525,4.999968
_330_,VDD,Metal1,87.6500,67.2030,4.999913
_329_,VDD,Metal1,96.9800,82.6210,4.999969
_328_,VDD,Metal1,108.4075,81.8975,4.999969
_327_,VDD,Metal1,83.6200,82.7550,4.999969
_326_,VDD,Metal1,69.7300,81.7565,4.999969
_325_,VDD,Metal1,70.4900,82.6925,4.999969
_324_,VDD,Metal1,68.5900,75.0430,4.999967
_323_,VDD,Metal1,92.3000,90.4610,4.999931
_322_,VDD,Metal1,88.8075,90.5825,4.999931
_321_,VDD,Metal1,76.9000,105.4050,4.999972
_320_,VDD,Metal1,112.2900,19.0365,4.999968
_319_,VDD,Metal1,75.1100,50.5875,4.999980
_318_,VDD,Metal1,77.1800,98.3010,4.999941
_317_,VDD,Metal1,77.6075,97.5775,4.999941
_316_,VDD,Metal1,65.1400,98.4350,4.999942
_315_,VDD,Metal1,53.4900,34.7165,4.999974
_314_,VDD,Metal1,68.9500,50.5875,4.999980
_313_,VDD,Metal1,72.5100,73.9165,4.999967
_312_,VDD,Metal1,41.1700,43.6830,4.999939
_311_,VDD,Metal1,58.3100,42.7475,4.999939
_310_,VDD,Metal1,62.4300,75.0430,4.999964
_309_,VDD,Metal1,50.6900,67.2030,4.999919
_308_,VDD,Metal1,54.3900,66.2675,4.999918
_307_,VDD,Metal1,57.9500,73.9165,4.999976
_306_,VDD,Metal1,37.8100,81.7565,4.999968
_305_,VDD,Metal1,49.3500,74.8525,4.999982
_304_,VDD,Metal1,48.9900,82.8830,4.999968
_303_,VDD,Metal1,43.0200,67.0625,4.999949
_302_,VDD,Metal1,24.9300,81.7565,4.999968
_301_,VDD,Metal1,31.2900,81.9475,4.999968
_300_,VDD,Metal1,34.5400,113.2450,4.999985
_299_,VDD,Metal1,39.4700,75.0430,4.999988
_298_,VDD,Metal1,35.7400,74.9025,4.999988
_297_,VDD,Metal1,19.8700,59.3630,4.999984
_296_,VDD,Metal1,14.4900,67.0125,4.999970
_295_,VDD,Metal1,25.4900,67.2030,4.999960
_294_,VDD,Metal1,31.8200,74.7810,4.999990
_293_,VDD,Metal1,28.3275,74.9025,4.999990
_292_,VDD,Metal1,22.6700,59.3630,4.999984
_291_,VDD,Metal1,17.9900,58.4275,4.999984
_290_,VDD,Metal1,17.0900,59.3630,4.999984
_289_,VDD,Metal1,73.4400,66.2165,4.999918
_288_,VDD,Metal1,91.1430,66.2030,4.999912
_287_,VDD,Metal1,97.0165,66.2030,4.999913
_286_,VDD,Metal1,24.9100,58.2365,4.999977
_285_,VDD,Metal1,100.3465,81.7565,4.999970
_284_,VDD,Metal1,92.6700,105.2765,4.999968
_283_,VDD,Metal1,102.5965,74.0465,4.999968
_282_,VDD,Metal1,90.4875,74.0575,4.999965
_281_,VDD,Metal1,59.6500,75.0430,4.999976
_280_,VDD,Metal1,101.8030,66.2065,4.999913
_279_,VDD,Metal1,63.3600,34.8575,4.999973
_278_,VDD,Metal1,47.7800,74.0450,4.999982
_277_,VDD,Metal1,73.4765,81.8865,4.999969
_276_,VDD,Metal1,70.6400,35.7025,4.999971
_275_,VDD,Metal1,64.0200,66.2050,4.999918
_274_,VDD,Metal1,69.8830,58.3665,4.999951
_273_,VDD,Metal1,44.4200,27.8750,4.999957
_272_,VDD,Metal1,64.0700,35.7025,4.999973
_271_,VDD,Metal1,50.0200,74.0450,4.999982
_270_,VDD,Metal1,63.1630,58.3665,4.999953
_269_,VDD,Metal1,55.0600,74.0450,4.999977
_268_,VDD,Metal1,53.4300,50.5375,4.999981
_267_,VDD,Metal1,59.1800,66.2050,4.999918
_266_,VDD,Metal1,58.6830,59.2330,4.999954
_265_,VDD,Metal1,47.7800,67.0750,4.999924
_264_,VDD,Metal1,50.0700,59.2225,4.999963
_263_,VDD,Metal1,44.0600,74.9150,4.999988
_262_,VDD,Metal1,44.6930,66.0765,4.999949
_261_,VDD,Metal1,38.3500,67.2030,4.999953
_260_,VDD,Metal1,42.5675,73.9075,4.999988
_259_,VDD,Metal1,28.8300,73.9165,4.999990
_258_,VDD,Metal1,36.6580,27.8430,4.999957
_257_,VDD,Metal1,31.8030,66.2065,4.999954
_256_,VDD,Metal1,27.7675,59.2225,4.999977
_255_,VDD,Metal1,24.9100,66.0765,4.999960
_254_,VDD,Metal1,68.3400,73.9925,4.999967
_253_,VDD,Metal1,31.8030,51.3930,4.999981
_252_,VDD,Metal1,61.1880,81.8460,4.999967
_251_,VDD,Metal1,78.2100,81.8385,4.999969
_250_,VDD,Metal1,22.7800,58.3650,4.999984
_249_,VDD,Metal1,24.9700,42.6975,4.999943
_248_,VDD,Metal1,31.7400,74.0450,4.999990
_247_,VDD,Metal1,37.8215,43.5230,4.999939
_246_,VDD,Metal1,76.3080,58.3260,4.999950
_245_,VDD,Metal1,76.1465,59.1550,4.999950
_244_,VDD,Metal1,72.2365,114.2430,4.999979
_243_,VDD,Metal1,63.4030,59.2780,4.999953
_242_,VDD,Metal1,58.3465,90.7230,4.999933
_241_,VDD,Metal1,57.4100,89.5965,4.999933
_240_,VDD,Metal1,40.5000,67.0750,4.999953
_239_,VDD,Metal1,52.8980,82.7230,4.999967
_238_,VDD,Metal1,55.1815,81.9165,4.999967
_237_,VDD,Metal1,70.9720,97.5260,4.999942
_236_,VDD,Metal1,56.6765,113.2465,4.999980
_235_,VDD,Metal1,52.9100,106.4030,4.999972
_234_,VDD,Metal1,55.8200,106.2750,4.999972
_233_,VDD,Metal1,49.3965,106.2730,4.999972
_232_,VDD,Metal1,44.5100,106.4030,4.999973
_231_,VDD,Metal1,41.2600,98.4350,4.999942
_230_,VDD,Metal1,36.8430,114.1130,4.999980
_229_,VDD,Metal1,41.7300,106.4030,4.999973
_228_,VDD,Metal1,24.8200,105.4050,4.999967
_227_,VDD,Metal1,29.7965,89.7265,4.999933
_226_,VDD,Metal1,20.4300,81.7565,4.999969
_225_,VDD,Metal1,16.4200,90.5950,4.999935
_224_,VDD,Metal1,41.5565,114.1130,4.999980
_223_,VDD,Metal1,33.8700,120.9565,4.999975
_222_,VDD,Metal1,24.8200,74.0450,4.999990
_221_,VDD,Metal1,22.2520,113.2060,4.999985
_220_,VDD,Metal1,36.2520,106.3140,4.999969
