
===========================================================================
 report_power
============================================================================
======================= Fastest Corner ===================================

Group                  Internal  Switching    Leakage      Total
                          Power      Power      Power      Power (Watts)
----------------------------------------------------------------
Sequential             5.35e-04   1.70e-04   1.52e-08   7.05e-04  23.2%
Combinational          6.09e-04   9.96e-04   5.98e-08   1.61e-03  52.9%
Clock                  5.13e-04   2.12e-04   2.30e-08   7.25e-04  23.9%
Macro                  0.00e+00   0.00e+00   0.00e+00   0.00e+00   0.0%
Pad                    0.00e+00   0.00e+00   0.00e+00   0.00e+00   0.0%
----------------------------------------------------------------
Total                  1.66e-03   1.38e-03   9.80e-08   3.03e-03 100.0%
                          54.6%      45.4%       0.0%

======================= Slowest Corner ===================================

Group                  Internal  Switching    Leakage      Total
                          Power      Power      Power      Power (Watts)
----------------------------------------------------------------
Sequential             3.57e-04   1.16e-04   3.48e-08   4.73e-04  24.0%
Combinational          3.57e-04   6.75e-04   2.38e-07   1.03e-03  52.5%
Clock                  3.19e-04   1.43e-04   1.56e-07   4.62e-04  23.5%
Macro                  0.00e+00   0.00e+00   0.00e+00   0.00e+00   0.0%
Pad                    0.00e+00   0.00e+00   0.00e+00   0.00e+00   0.0%
----------------------------------------------------------------
Total                  1.03e-03   9.34e-04   4.29e-07   1.97e-03 100.0%
                          52.5%      47.5%       0.0%

======================= Typical Corner ===================================

Group                  Internal  Switching    Leakage      Total
                          Power      Power      Power      Power (Watts)
----------------------------------------------------------------
Sequential             4.34e-04   1.41e-04   1.27e-08   5.75e-04  23.6%
Combinational          4.63e-04   8.26e-04   4.94e-08   1.29e-03  52.8%
Clock                  4.03e-04   1.75e-04   1.90e-08   5.78e-04  23.7%
Macro                  0.00e+00   0.00e+00   0.00e+00   0.00e+00   0.0%
Pad                    0.00e+00   0.00e+00   0.00e+00   0.00e+00   0.0%
----------------------------------------------------------------
Total                  1.30e-03   1.14e-03   8.11e-08   2.44e-03 100.0%
                          53.2%      46.8%       0.0%

