Instance,Terminal,Layer,X location,Y location,Voltage
FILLER_0_26_176,VSS,Metal1,105.5600,117.6000,0.000027
FILLER_0_26_172,VSS,Metal1,103.7800,117.9485,0.000026
FILLER_0_26_169,VSS,Metal1,101.6400,117.6000,0.000027
FILLER_0_26_165,VSS,Metal1,99.8600,117.9485,0.000027
FILLER_0_26_152,VSS,Metal1,92.1200,117.6000,0.000028
FILLER_0_26_150,VSS,Metal1,91.2800,117.6000,0.000028
FILLER_0_26_146,VSS,Metal1,89.2200,117.9485,0.000028
FILLER_0_26_138,VSS,Metal1,85.7330,118.0615,0.000028
FILLER_0_26_135,VSS,Metal1,82.6000,117.6000,0.000029
FILLER_0_26_133,VSS,Metal1,81.7600,117.6000,0.000029
FILLER_0_26_129,VSS,Metal1,79.7000,117.9485,0.000030
FILLER_0_26_115,VSS,Metal1,72.8530,118.0615,0.000032
FILLER_0_26_104,VSS,Metal1,65.2400,117.6000,0.000034
FILLER_0_26_101,VSS,Metal1,63.5600,117.6000,0.000034
FILLER_0_26_97,VSS,Metal1,61.7800,117.9485,0.000034
FILLER_0_26_86,VSS,Metal1,55.1600,117.6000,0.000034
FILLER_0_26_84,VSS,Metal1,54.3200,117.6000,0.000034
FILLER_0_26_80,VSS,Metal1,52.2600,117.9485,0.000034
FILLER_0_26_67,VSS,Metal1,44.5200,117.6000,0.000032
FILLER_0_25_162,VSS,Metal1,97.7200,117.6000,0.000027
FILLER_0_25_158,VSS,Metal1,95.9400,117.2510,0.000027
FILLER_0_25_142,VSS,Metal1,90.1120,117.0520,0.000028
FILLER_0_25_139,VSS,Metal1,84.8400,117.6000,0.000028
FILLER_0_25_131,VSS,Metal1,81.8130,117.1380,0.000029
FILLER_0_25_72,VSS,Metal1,47.3200,117.6000,0.000032
FILLER_0_25_66,VSS,Metal1,44.4200,117.2510,0.000032
FILLER_0_24_167,VSS,Metal1,100.8000,109.7600,0.000036
FILLER_0_24_161,VSS,Metal1,97.4400,109.7600,0.000036
FILLER_0_24_111,VSS,Metal1,69.4400,109.7600,0.000036
FILLER_0_24_107,VSS,Metal1,67.3800,110.1085,0.000036
FILLER_0_24_101,VSS,Metal1,64.0200,110.1085,0.000036
FILLER_0_24_93,VSS,Metal1,60.5330,110.2215,0.000036
FILLER_0_24_20,VSS,Metal1,18.2000,109.7600,0.000031
FILLER_0_24_16,VSS,Metal1,16.4200,110.1085,0.000031
FILLER_0_23_184,VSS,Metal1,110.0400,109.7600,0.000036
FILLER_0_23_182,VSS,Metal1,109.2000,109.7600,0.000036
FILLER_0_23_142,VSS,Metal1,86.8000,109.7600,0.000036
FILLER_0_23_138,VSS,Metal1,84.5600,109.7600,0.000036
FILLER_0_23_134,VSS,Metal1,82.5000,109.4110,0.000036
FILLER_0_23_89,VSS,Metal1,56.8400,109.7600,0.000032
FILLER_0_22_145,VSS,Metal1,88.2000,101.9200,0.000042
FILLER_0_22_143,VSS,Metal1,87.3600,101.9200,0.000042
FILLER_0_22_122,VSS,Metal1,75.6000,101.9200,0.000038
FILLER_0_22_98,VSS,Metal1,61.8800,101.9200,0.000035
FILLER_0_22_59,VSS,Metal1,40.0400,101.9200,0.000035
FILLER_0_22_55,VSS,Metal1,38.2600,102.2685,0.000035
FILLER_0_22_45,VSS,Metal1,32.4800,101.9200,0.000035
FILLER_0_22_30,VSS,Metal1,23.8000,101.9200,0.000034
FILLER_0_21_129,VSS,Metal1,79.2400,101.9200,0.000042
FILLER_0_21_102,VSS,Metal1,64.1200,101.9200,0.000036
FILLER_0_21_100,VSS,Metal1,63.2800,101.9200,0.000035
FILLER_0_21_83,VSS,Metal1,53.4800,101.9200,0.000035
FILLER_0_21_81,VSS,Metal1,52.6400,101.9200,0.000034
FILLER_0_21_63,VSS,Metal1,42.2800,101.9200,0.000034
FILLER_0_21_24,VSS,Metal1,20.4400,101.9200,0.000035
FILLER_0_21_2,VSS,Metal1,8.1200,101.9200,0.000035
FILLER_0_20_174,VSS,Metal1,104.4400,94.0800,0.000051
FILLER_0_20_172,VSS,Metal1,103.6000,94.0800,0.000051
FILLER_0_20_148,VSS,Metal1,89.8800,94.0800,0.000053
FILLER_0_20_107,VSS,Metal1,66.9200,94.0800,0.000053
FILLER_0_20_53,VSS,Metal1,36.9600,94.0800,0.000051
FILLER_0_20_37,VSS,Metal1,27.7200,94.0800,0.000050
FILLER_0_20_28,VSS,Metal1,22.6800,94.0800,0.000050
FILLER_0_20_26,VSS,Metal1,21.8400,94.0800,0.000050
FILLER_0_20_22,VSS,Metal1,19.7800,94.4285,0.000051
FILLER_0_19_156,VSS,Metal1,94.3600,94.0800,0.000052
FILLER_0_19_108,VSS,Metal1,67.4800,94.0800,0.000053
FILLER_0_19_106,VSS,Metal1,66.6400,94.0800,0.000053
FILLER_0_19_72,VSS,Metal1,47.6000,94.0800,0.000053
FILLER_0_19_68,VSS,Metal1,45.3600,94.0800,0.000053
FILLER_0_19_24,VSS,Metal1,28.4440,93.4820,0.000050
FILLER_0_18_107,VSS,Metal1,67.2000,86.2400,0.000072
FILLER_0_18_93,VSS,Metal1,59.3600,86.2400,0.000072
FILLER_0_18_58,VSS,Metal1,39.9400,86.5885,0.000071
FILLER_0_18_45,VSS,Metal1,32.2000,86.2400,0.000071
FILLER_0_18_34,VSS,Metal1,26.0400,86.2400,0.000071
FILLER_0_18_2,VSS,Metal1,8.1200,86.2400,0.000071
FILLER_0_17_107,VSS,Metal1,66.9200,86.2400,0.000072
FILLER_0_17_105,VSS,Metal1,66.0800,86.2400,0.000072
FILLER_0_17_78,VSS,Metal1,50.6800,86.2400,0.000071
FILLER_0_17_72,VSS,Metal1,47.3200,86.2400,0.000071
FILLER_0_17_69,VSS,Metal1,45.6400,86.2400,0.000071
FILLER_0_17_67,VSS,Metal1,44.8000,86.2400,0.000071
FILLER_0_16_173,VSS,Metal1,104.1600,78.4000,0.000022
FILLER_0_16_140,VSS,Metal1,85.4000,78.4000,0.000023
FILLER_0_16_132,VSS,Metal1,81.2000,78.4000,0.000022
FILLER_0_16_109,VSS,Metal1,68.0400,78.4000,0.000022
FILLER_0_16_107,VSS,Metal1,67.2000,78.4000,0.000022
FILLER_0_16_104,VSS,Metal1,65.2400,78.4000,0.000022
FILLER_0_16_81,VSS,Metal1,52.3600,78.4000,0.000021
FILLER_0_16_37,VSS,Metal1,27.7200,78.4000,0.000019
FILLER_0_16_29,VSS,Metal1,23.2400,78.4000,0.000011
FILLER_0_16_27,VSS,Metal1,22.4000,78.4000,0.000011
FILLER_0_16_21,VSS,Metal1,18.7600,78.4000,0.000012
FILLER_0_15_175,VSS,Metal1,105.2800,78.4000,0.000022
FILLER_0_15_142,VSS,Metal1,86.8000,78.4000,0.000023
FILLER_0_15_133,VSS,Metal1,81.4800,78.4000,0.000022
FILLER_0_15_107,VSS,Metal1,66.9200,78.4000,0.000022
FILLER_0_15_91,VSS,Metal1,57.9600,78.4000,0.000022
FILLER_0_15_68,VSS,Metal1,45.3600,78.4000,0.000020
FILLER_0_15_63,VSS,Metal1,42.2800,78.4000,0.000020
FILLER_0_15_61,VSS,Metal1,41.4400,78.4000,0.000020
FILLER_0_15_48,VSS,Metal1,34.1600,78.4000,0.000020
FILLER_0_15_33,VSS,Metal1,25.4800,78.4000,0.000011
FILLER_0_15_31,VSS,Metal1,24.6400,78.4000,0.000011
FILLER_0_14_125,VSS,Metal1,77.2800,70.5600,0.000066
FILLER_0_14_104,VSS,Metal1,65.2400,70.5600,0.000066
FILLER_0_14_102,VSS,Metal1,64.4000,70.5600,0.000066
FILLER_0_14_51,VSS,Metal1,35.8400,70.5600,0.000041
FILLER_0_14_18,VSS,Metal1,17.0800,70.5600,0.000038
FILLER_0_14_16,VSS,Metal1,16.2400,70.5600,0.000038
FILLER_0_13_139,VSS,Metal1,84.8400,70.5600,0.000066
FILLER_0_13_69,VSS,Metal1,45.6400,70.5600,0.000046
FILLER_0_13_2,VSS,Metal1,8.1200,70.5600,0.000038
FILLER_0_12_174,VSS,Metal1,104.4400,62.7200,0.000056
FILLER_0_12_144,VSS,Metal1,87.9200,62.7200,0.000054
FILLER_0_12_73,VSS,Metal1,48.1600,62.7200,0.000045
FILLER_0_12_56,VSS,Metal1,38.3600,62.7200,0.000043
FILLER_0_12_16,VSS,Metal1,16.2400,62.7200,0.000038
FILLER_0_11_113,VSS,Metal1,70.2800,62.7200,0.000054
FILLER_0_11_97,VSS,Metal1,61.3200,62.7200,0.000051
FILLER_0_11_74,VSS,Metal1,48.4400,62.7200,0.000045
FILLER_0_11_72,VSS,Metal1,47.6000,62.7200,0.000045
FILLER_0_11_48,VSS,Metal1,33.8800,62.7200,0.000043
FILLER_0_11_46,VSS,Metal1,33.0400,62.7200,0.000043
FILLER_0_11_31,VSS,Metal1,24.6400,62.7200,0.000038
FILLER_0_10_149,VSS,Metal1,90.7200,54.8800,0.000028
FILLER_0_10_107,VSS,Metal1,67.2000,54.8800,0.000027
FILLER_0_10_96,VSS,Metal1,60.7600,54.8800,0.000027
FILLER_0_10_73,VSS,Metal1,48.1600,54.8800,0.000026
FILLER_0_10_53,VSS,Metal1,36.6800,54.8800,0.000026
FILLER_0_10_51,VSS,Metal1,35.8400,54.8800,0.000026
FILLER_0_10_37,VSS,Metal1,27.7200,54.8800,0.000025
FILLER_0_9_155,VSS,Metal1,94.0800,54.8800,0.000028
FILLER_0_9_92,VSS,Metal1,58.5200,54.8800,0.000026
FILLER_0_9_39,VSS,Metal1,29.1200,54.8800,0.000025
FILLER_0_9_32,VSS,Metal1,24.9200,54.8800,0.000024
FILLER_0_9_30,VSS,Metal1,24.0800,54.8800,0.000024
FILLER_0_9_2,VSS,Metal1,8.1200,54.8800,0.000025
FILLER_0_8_146,VSS,Metal1,88.7600,47.0400,0.000033
FILLER_0_8_144,VSS,Metal1,87.9200,47.0400,0.000033
FILLER_0_8_117,VSS,Metal1,72.5200,47.0400,0.000043
FILLER_0_8_16,VSS,Metal1,15.9600,47.0400,0.000040
FILLER_0_7_142,VSS,Metal1,86.8000,47.0400,0.000033
FILLER_0_6_160,VSS,Metal1,96.6000,39.2000,0.000045
FILLER_0_6_158,VSS,Metal1,95.7600,39.2000,0.000045
FILLER_0_6_107,VSS,Metal1,66.9200,39.2000,0.000042
FILLER_0_6_37,VSS,Metal1,27.7200,39.2000,0.000037
FILLER_0_6_25,VSS,Metal1,21.2800,39.2000,0.000037
FILLER_0_5_156,VSS,Metal1,94.3600,39.2000,0.000045
FILLER_0_5_72,VSS,Metal1,47.6000,39.2000,0.000040
FILLER_0_5_61,VSS,Metal1,41.1600,39.2000,0.000039
FILLER_0_5_59,VSS,Metal1,40.3200,39.2000,0.000039
FILLER_0_4_118,VSS,Metal1,73.0800,31.3600,0.000029
FILLER_0_4_107,VSS,Metal1,66.9200,31.3600,0.000029
FILLER_0_4_46,VSS,Metal1,32.7600,31.3600,0.000028
FILLER_0_3_144,VSS,Metal1,87.6400,31.3600,0.000029
FILLER_0_3_142,VSS,Metal1,86.8000,31.3600,0.000029
FILLER_0_2_143,VSS,Metal1,87.0800,23.5200,0.000040
FILLER_0_2_141,VSS,Metal1,86.2400,23.5200,0.000040
FILLER_0_1_148,VSS,Metal1,89.8800,23.5200,0.000042
FILLER_0_1_103,VSS,Metal1,64.6800,23.5200,0.000039
FILLER_0_1_101,VSS,Metal1,63.8400,23.5200,0.000039
FILLER_0_1_74,VSS,Metal1,48.4400,23.5200,0.000039
FILLER_0_1_72,VSS,Metal1,47.6000,23.5200,0.000039
FILLER_0_0_169,VSS,Metal1,101.6400,15.6800,0.000022
FILLER_0_0_140,VSS,Metal1,85.4000,15.6800,0.000022
FILLER_0_0_138,VSS,Metal1,84.5600,15.6800,0.000022
FILLER_0_0_134,VSS,Metal1,82.3200,15.6800,0.000022
FILLER_0_0_110,VSS,Metal1,68.6000,15.6800,0.000023
clkload2,VSS,Metal1,74.9775,93.5065,0.000053
clkload1,VSS,Metal1,48.6575,86.8130,0.000071
clkload0,VSS,Metal1,55.2600,39.5650,0.000040
clkbuf_2_3__f_clk,VSS,Metal1,82.7335,86.8380,0.000071
clkbuf_2_2__f_clk,VSS,Metal1,50.5460,94.6780,0.000053
clkbuf_2_1__f_clk,VSS,Metal1,82.1735,39.7980,0.000045
clkbuf_2_0__f_clk,VSS,Metal1,60.0660,46.4415,0.000043
clkbuf_0_clk,VSS,Metal1,65.1060,69.9615,0.000066
fanout91,VSS,Metal1,77.5050,117.2450,0.000030
fanout90,VSS,Metal1,72.7930,110.1150,0.000036
fanout89,VSS,Metal1,102.1450,86.5950,0.000065
fanout88,VSS,Metal1,70.0065,31.7150,0.000029
output87,VSS,Metal1,11.8120,62.2060,0.000038
output86,VSS,Metal1,11.8120,55.3940,0.000025
output85,VSS,Metal1,11.8120,47.5540,0.000040
output84,VSS,Metal1,11.8120,39.7140,0.000037
output83,VSS,Metal1,11.8120,31.8740,0.000027
output82,VSS,Metal1,19.6520,31.8740,0.000027
output81,VSS,Metal1,11.8120,24.0340,0.000039
output80,VSS,Metal1,11.8120,23.0060,0.000039
output79,VSS,Metal1,30.7480,30.8460,0.000028
output78,VSS,Metal1,11.8120,63.2340,0.000038
output77,VSS,Metal1,19.6520,24.0395,0.000039
output76,VSS,Metal1,109.7080,55.3940,0.000028
output75,VSS,Metal1,100.7480,55.3940,0.000028
output74,VSS,Metal1,109.7080,47.5540,0.000032
output73,VSS,Metal1,109.7080,39.7140,0.000045
output72,VSS,Metal1,109.7080,24.0340,0.000042
output71,VSS,Metal1,109.7080,31.8740,0.000036
output70,VSS,Metal1,100.7480,39.7140,0.000045
output69,VSS,Metal1,90.1080,38.6860,0.000045
output68,VSS,Metal1,100.7480,47.5540,0.000032
output67,VSS,Metal1,109.7080,63.2340,0.000056
output66,VSS,Metal1,73.8680,24.0395,0.000040
output65,VSS,Metal1,19.6520,118.1140,0.000030
output64,VSS,Metal1,11.8120,117.0860,0.000031
output63,VSS,Metal1,11.8120,110.2740,0.000031
output62,VSS,Metal1,19.6520,102.4340,0.000035
output61,VSS,Metal1,11.8120,102.4340,0.000035
output60,VSS,Metal1,11.8120,94.5940,0.000051
output59,VSS,Metal1,11.8120,93.5660,0.000051
output58,VSS,Metal1,11.8120,78.9140,0.000012
output57,VSS,Metal1,11.8120,77.8860,0.000012
output56,VSS,Metal1,11.8120,118.1140,0.000031
output55,VSS,Metal1,11.8120,71.0740,0.000038
output54,VSS,Metal1,101.8680,117.0860,0.000027
output53,VSS,Metal1,109.7080,117.0860,0.000027
output52,VSS,Metal1,109.7080,110.2740,0.000036
output51,VSS,Metal1,100.7480,102.4340,0.000042
output50,VSS,Metal1,109.7080,102.4340,0.000043
output49,VSS,Metal1,109.7080,94.5940,0.000051
output48,VSS,Metal1,109.7080,86.7540,0.000047
output47,VSS,Metal1,109.7080,85.7260,0.000047
output46,VSS,Metal1,109.7080,77.8860,0.000022
output45,VSS,Metal1,109.7080,118.1140,0.000027
output44,VSS,Metal1,109.7080,71.0740,0.000065
output43,VSS,Metal1,106.9080,16.1995,0.000021
output42,VSS,Metal1,97.4920,16.1995,0.000022
output41,VSS,Metal1,72.7480,16.1995,0.000023
output40,VSS,Metal1,59.8680,16.1995,0.000024
output39,VSS,Metal1,59.3080,23.0005,0.000039
output38,VSS,Metal1,52.0280,16.1995,0.000024
output37,VSS,Metal1,40.8280,16.1995,0.000028
output36,VSS,Metal1,32.9880,16.1995,0.000029
output35,VSS,Metal1,21.7880,16.1995,0.000032
output34,VSS,Metal1,92.9080,47.5595,0.000033
output33,VSS,Metal1,21.7880,23.0005,0.000039
output32,VSS,Metal1,77.2280,31.8795,0.000029
output31,VSS,Metal1,14.0520,16.1995,0.000033
output30,VSS,Metal1,81.7080,24.0395,0.000040
output29,VSS,Metal1,91.2280,24.0395,0.000042
output28,VSS,Metal1,81.1480,30.8405,0.000029
output27,VSS,Metal1,21.8300,54.5885,0.000024
output26,VSS,Metal1,68.3130,117.9550,0.000034
output25,VSS,Metal1,58.2465,117.9550,0.000035
output24,VSS,Metal1,48.7265,117.9550,0.000033
output23,VSS,Metal1,38.0730,117.9550,0.000031
output22,VSS,Metal1,29.6865,117.9550,0.000030
output21,VSS,Metal1,30.2465,110.1150,0.000031
output20,VSS,Metal1,29.6865,109.4050,0.000031
input19,VSS,Metal1,17.2600,94.3860,0.000051
input18,VSS,Metal1,112.1000,109.4535,0.000036
input17,VSS,Metal1,74.3800,38.8935,0.000045
input16,VSS,Metal1,45.8200,47.3460,0.000043
input15,VSS,Metal1,88.0200,23.2135,0.000042
input14,VSS,Metal1,50.3000,23.2135,0.000038
input13,VSS,Metal1,50.3000,63.0260,0.000045
input12,VSS,Metal1,42.4600,47.3460,0.000043
input11,VSS,Metal1,39.1000,47.3460,0.000043
input10,VSS,Metal1,35.7400,47.3460,0.000042
input9,VSS,Metal1,24.5400,47.3460,0.000039
input8,VSS,Metal1,98.4600,70.8660,0.000065
input7,VSS,Metal1,26.9800,54.5735,0.000025
input6,VSS,Metal1,97.5400,117.9060,0.000027
input5,VSS,Metal1,103.1400,110.0660,0.000036
input4,VSS,Metal1,77.1800,117.9060,0.000030
input3,VSS,Metal1,53.8600,55.1860,0.000026
input2,VSS,Metal1,94.1800,117.9060,0.000028
input1,VSS,Metal1,41.7750,31.0050,0.000028
TAP_TAPCELL_ROW_26_125,VSS,Metal1,102.4800,118.0690,0.000027
TAP_TAPCELL_ROW_26_124,VSS,Metal1,83.4400,118.0690,0.000029
TAP_TAPCELL_ROW_26_123,VSS,Metal1,64.4000,118.0690,0.000034
TAP_TAPCELL_ROW_26_122,VSS,Metal1,45.3600,118.0690,0.000032
TAP_TAPCELL_ROW_26_121,VSS,Metal1,26.3200,118.0690,0.000030
TAP_TAPCELL_ROW_25_120,VSS,Metal1,85.6800,117.1305,0.000028
TAP_TAPCELL_ROW_25_119,VSS,Metal1,46.4800,117.1305,0.000032
TAP_TAPCELL_ROW_24_118,VSS,Metal1,105.2800,110.2290,0.000036
TAP_TAPCELL_ROW_24_117,VSS,Metal1,66.0800,110.2290,0.000036
TAP_TAPCELL_ROW_24_116,VSS,Metal1,26.8800,110.2290,0.000031
TAP_TAPCELL_ROW_23_115,VSS,Metal1,85.6800,109.2905,0.000036
TAP_TAPCELL_ROW_23_114,VSS,Metal1,46.4800,109.2905,0.000031
TAP_TAPCELL_ROW_22_113,VSS,Metal1,105.2800,102.3890,0.000042
TAP_TAPCELL_ROW_22_112,VSS,Metal1,66.0800,102.3890,0.000037
TAP_TAPCELL_ROW_22_111,VSS,Metal1,26.8800,102.3890,0.000035
TAP_TAPCELL_ROW_21_110,VSS,Metal1,85.6800,101.4505,0.000042
TAP_TAPCELL_ROW_21_109,VSS,Metal1,46.4800,101.4505,0.000034
TAP_TAPCELL_ROW_20_108,VSS,Metal1,105.2800,94.5490,0.000051
TAP_TAPCELL_ROW_20_107,VSS,Metal1,66.0800,94.5490,0.000053
TAP_TAPCELL_ROW_20_106,VSS,Metal1,26.8800,94.5490,0.000050
TAP_TAPCELL_ROW_19_105,VSS,Metal1,85.6800,93.6105,0.000053
TAP_TAPCELL_ROW_19_104,VSS,Metal1,46.4800,93.6105,0.000053
TAP_TAPCELL_ROW_18_103,VSS,Metal1,105.2800,86.7090,0.000047
TAP_TAPCELL_ROW_18_102,VSS,Metal1,66.0800,86.7090,0.000072
TAP_TAPCELL_ROW_18_101,VSS,Metal1,26.8800,86.7090,0.000071
TAP_TAPCELL_ROW_17_100,VSS,Metal1,85.6800,85.7705,0.000071
TAP_TAPCELL_ROW_17_99,VSS,Metal1,46.4800,85.7705,0.000071
TAP_TAPCELL_ROW_16_98,VSS,Metal1,105.2800,78.8690,0.000022
TAP_TAPCELL_ROW_16_97,VSS,Metal1,66.0800,78.8690,0.000022
TAP_TAPCELL_ROW_16_96,VSS,Metal1,26.8800,78.8690,0.000019
TAP_TAPCELL_ROW_15_95,VSS,Metal1,85.6800,77.9305,0.000023
TAP_TAPCELL_ROW_15_94,VSS,Metal1,46.4800,77.9305,0.000020
TAP_TAPCELL_ROW_14_93,VSS,Metal1,105.2800,71.0290,0.000065
TAP_TAPCELL_ROW_14_92,VSS,Metal1,66.0800,71.0290,0.000066
TAP_TAPCELL_ROW_14_91,VSS,Metal1,26.8800,71.0290,0.000038
TAP_TAPCELL_ROW_13_90,VSS,Metal1,85.6800,70.0905,0.000066
TAP_TAPCELL_ROW_13_89,VSS,Metal1,46.4800,70.0905,0.000047
TAP_TAPCELL_ROW_12_88,VSS,Metal1,105.2800,63.1890,0.000056
TAP_TAPCELL_ROW_12_87,VSS,Metal1,66.0800,63.1890,0.000054
TAP_TAPCELL_ROW_12_86,VSS,Metal1,26.8800,63.1890,0.000040
TAP_TAPCELL_ROW_11_85,VSS,Metal1,85.6800,62.2505,0.000054
TAP_TAPCELL_ROW_11_84,VSS,Metal1,46.4800,62.2505,0.000045
TAP_TAPCELL_ROW_10_83,VSS,Metal1,105.2800,55.3490,0.000028
TAP_TAPCELL_ROW_10_82,VSS,Metal1,66.0800,55.3490,0.000027
TAP_TAPCELL_ROW_10_81,VSS,Metal1,26.8800,55.3490,0.000025
TAP_TAPCELL_ROW_9_80,VSS,Metal1,85.6800,54.4105,0.000028
TAP_TAPCELL_ROW_9_79,VSS,Metal1,46.4800,54.4105,0.000026
TAP_TAPCELL_ROW_8_78,VSS,Metal1,105.2800,47.5090,0.000032
TAP_TAPCELL_ROW_8_77,VSS,Metal1,66.0800,47.5090,0.000043
TAP_TAPCELL_ROW_8_76,VSS,Metal1,26.8800,47.5090,0.000041
TAP_TAPCELL_ROW_7_75,VSS,Metal1,85.6800,46.5705,0.000034
TAP_TAPCELL_ROW_7_74,VSS,Metal1,46.4800,46.5705,0.000043
TAP_TAPCELL_ROW_6_73,VSS,Metal1,105.2800,39.6690,0.000044
TAP_TAPCELL_ROW_6_72,VSS,Metal1,66.0800,39.6690,0.000042
TAP_TAPCELL_ROW_6_71,VSS,Metal1,26.8800,39.6690,0.000037
TAP_TAPCELL_ROW_5_70,VSS,Metal1,85.6800,38.7305,0.000045
TAP_TAPCELL_ROW_5_69,VSS,Metal1,46.4800,38.7305,0.000040
TAP_TAPCELL_ROW_4_68,VSS,Metal1,105.2800,31.8290,0.000036
TAP_TAPCELL_ROW_4_67,VSS,Metal1,66.0800,31.8290,0.000029
TAP_TAPCELL_ROW_4_66,VSS,Metal1,26.8800,31.8290,0.000028
TAP_TAPCELL_ROW_3_65,VSS,Metal1,85.6800,30.8905,0.000029
TAP_TAPCELL_ROW_3_64,VSS,Metal1,46.4800,30.8905,0.000028
TAP_TAPCELL_ROW_2_63,VSS,Metal1,105.2800,23.9890,0.000042
TAP_TAPCELL_ROW_2_62,VSS,Metal1,66.0800,23.9890,0.000040
TAP_TAPCELL_ROW_2_61,VSS,Metal1,26.8800,23.9890,0.000039
TAP_TAPCELL_ROW_1_60,VSS,Metal1,85.6800,23.0505,0.000040
TAP_TAPCELL_ROW_1_59,VSS,Metal1,46.4800,23.0505,0.000039
TAP_TAPCELL_ROW_0_58,VSS,Metal1,102.4800,16.1490,0.000022
TAP_TAPCELL_ROW_0_57,VSS,Metal1,83.4400,16.1490,0.000022
TAP_TAPCELL_ROW_0_56,VSS,Metal1,64.4000,16.1490,0.000024
TAP_TAPCELL_ROW_0_55,VSS,Metal1,45.3600,16.1490,0.000027
TAP_TAPCELL_ROW_0_54,VSS,Metal1,26.3200,16.1490,0.000031
PHY_EDGE_ROW_26_Left_53,VSS,Metal1,7.2730,118.0700,0.000031
PHY_EDGE_ROW_25_Left_52,VSS,Metal1,7.2730,117.1300,0.000031
PHY_EDGE_ROW_24_Left_51,VSS,Metal1,7.2730,110.2300,0.000031
PHY_EDGE_ROW_23_Left_50,VSS,Metal1,7.2730,109.2900,0.000031
PHY_EDGE_ROW_22_Left_49,VSS,Metal1,7.2730,102.3900,0.000035
PHY_EDGE_ROW_21_Left_48,VSS,Metal1,7.2730,101.4500,0.000035
PHY_EDGE_ROW_20_Left_47,VSS,Metal1,7.2730,94.5500,0.000051
PHY_EDGE_ROW_19_Left_46,VSS,Metal1,7.2730,93.6100,0.000051
PHY_EDGE_ROW_18_Left_45,VSS,Metal1,7.2730,86.7100,0.000071
PHY_EDGE_ROW_17_Left_44,VSS,Metal1,7.2730,85.7700,0.000071
PHY_EDGE_ROW_16_Left_43,VSS,Metal1,7.2730,78.8700,0.000012
PHY_EDGE_ROW_15_Left_42,VSS,Metal1,7.2730,77.9300,0.000012
PHY_EDGE_ROW_14_Left_41,VSS,Metal1,7.2730,71.0300,0.000038
PHY_EDGE_ROW_13_Left_40,VSS,Metal1,7.2730,70.0900,0.000038
PHY_EDGE_ROW_12_Left_39,VSS,Metal1,7.2730,63.1900,0.000038
PHY_EDGE_ROW_11_Left_38,VSS,Metal1,7.2730,62.2500,0.000038
PHY_EDGE_ROW_10_Left_37,VSS,Metal1,7.2730,55.3500,0.000025
PHY_EDGE_ROW_9_Left_36,VSS,Metal1,7.2730,54.4100,0.000025
PHY_EDGE_ROW_8_Left_35,VSS,Metal1,7.2730,47.5100,0.000040
PHY_EDGE_ROW_7_Left_34,VSS,Metal1,7.2730,46.5700,0.000040
PHY_EDGE_ROW_6_Left_33,VSS,Metal1,7.2730,39.6700,0.000037
PHY_EDGE_ROW_5_Left_32,VSS,Metal1,7.2730,38.7300,0.000037
PHY_EDGE_ROW_4_Left_31,VSS,Metal1,7.2730,31.8300,0.000027
PHY_EDGE_ROW_3_Left_30,VSS,Metal1,7.2730,30.8900,0.000027
PHY_EDGE_ROW_2_Left_29,VSS,Metal1,7.2730,23.9900,0.000039
PHY_EDGE_ROW_1_Left_28,VSS,Metal1,7.2730,23.0500,0.000039
PHY_EDGE_ROW_0_Left_27,VSS,Metal1,7.2730,16.1500,0.000033
PHY_EDGE_ROW_26_Right_26,VSS,Metal1,114.2465,118.0700,0.000027
PHY_EDGE_ROW_25_Right_25,VSS,Metal1,114.2465,117.1300,0.000027
PHY_EDGE_ROW_24_Right_24,VSS,Metal1,114.2465,110.2300,0.000036
PHY_EDGE_ROW_23_Right_23,VSS,Metal1,114.2465,109.2900,0.000036
PHY_EDGE_ROW_22_Right_22,VSS,Metal1,114.2465,102.3900,0.000043
PHY_EDGE_ROW_21_Right_21,VSS,Metal1,114.2465,101.4500,0.000043
PHY_EDGE_ROW_20_Right_20,VSS,Metal1,114.2465,94.5500,0.000051
PHY_EDGE_ROW_19_Right_19,VSS,Metal1,114.2465,93.6100,0.000051
PHY_EDGE_ROW_18_Right_18,VSS,Metal1,114.2465,86.7100,0.000047
PHY_EDGE_ROW_17_Right_17,VSS,Metal1,114.2465,85.7700,0.000047
PHY_EDGE_ROW_16_Right_16,VSS,Metal1,114.2465,78.8700,0.000022
PHY_EDGE_ROW_15_Right_15,VSS,Metal1,114.2465,77.9300,0.000022
PHY_EDGE_ROW_14_Right_14,VSS,Metal1,114.2465,71.0300,0.000065
PHY_EDGE_ROW_13_Right_13,VSS,Metal1,114.2465,70.0900,0.000065
PHY_EDGE_ROW_12_Right_12,VSS,Metal1,114.2465,63.1900,0.000056
PHY_EDGE_ROW_11_Right_11,VSS,Metal1,114.2465,62.2500,0.000056
PHY_EDGE_ROW_10_Right_10,VSS,Metal1,114.2465,55.3500,0.000028
PHY_EDGE_ROW_9_Right_9,VSS,Metal1,114.2465,54.4100,0.000028
PHY_EDGE_ROW_8_Right_8,VSS,Metal1,114.2465,47.5100,0.000032
PHY_EDGE_ROW_7_Right_7,VSS,Metal1,114.2465,46.5700,0.000032
PHY_EDGE_ROW_6_Right_6,VSS,Metal1,114.2465,39.6700,0.000045
PHY_EDGE_ROW_5_Right_5,VSS,Metal1,114.2465,38.7300,0.000045
PHY_EDGE_ROW_4_Right_4,VSS,Metal1,114.2465,31.8300,0.000036
PHY_EDGE_ROW_3_Right_3,VSS,Metal1,114.2465,30.8900,0.000036
PHY_EDGE_ROW_2_Right_2,VSS,Metal1,114.2465,23.9900,0.000042
PHY_EDGE_ROW_1_Right_1,VSS,Metal1,114.2465,23.0500,0.000042
PHY_EDGE_ROW_0_Right_0,VSS,Metal1,114.2465,16.1500,0.000021
_535_,VSS,Metal1,16.9420,85.6945,0.000071
_534_,VSS,Metal1,60.0620,117.0545,0.000034
_533_,VSS,Metal1,104.2195,101.3805,0.000043
_532_,VSS,Metal1,16.9420,109.2145,0.000031
_531_,VSS,Metal1,43.8220,39.7450,0.000040
_530_,VSS,Metal1,104.2195,30.8205,0.000036
_529_,VSS,Metal1,104.2195,62.1805,0.000056
_528_,VSS,Metal1,103.7420,38.6545,0.000045
_527_,VSS,Metal1,103.7420,54.3345,0.000028
_526_,VSS,Metal1,104.2195,70.0205,0.000065
_525_,VSS,Metal1,100.8595,22.9805,0.000042
_524_,VSS,Metal1,75.6595,22.9805,0.000040
_523_,VSS,Metal1,104.2195,46.5005,0.000032
_522_,VSS,Metal1,55.5820,24.0650,0.000039
_521_,VSS,Metal1,67.8195,30.8205,0.000029
_520_,VSS,Metal1,36.4595,22.9805,0.000039
_519_,VSS,Metal1,24.7820,117.0545,0.000030
_518_,VSS,Metal1,36.5420,24.0650,0.000039
_517_,VSS,Metal1,18.5395,38.6605,0.000037
_516_,VSS,Metal1,16.9420,30.8145,0.000027
_515_,VSS,Metal1,42.1420,31.9050,0.000028
_514_,VSS,Metal1,16.9420,46.4945,0.000040
_513_,VSS,Metal1,69.2975,109.2145,0.000036
_512_,VSS,Metal1,29.8220,101.3745,0.000035
_511_,VSS,Metal1,44.3820,110.3050,0.000031
_510_,VSS,Metal1,84.7020,110.3050,0.000036
_509_,VSS,Metal1,98.7020,109.2145,0.000036
_508_,VSS,Metal1,103.7420,93.5345,0.000051
_507_,VSS,Metal1,9.9800,86.5460,0.000071
_506_,VSS,Metal1,15.2400,86.6655,0.000072
_505_,VSS,Metal1,22.0775,86.5160,0.000071
_504_,VSS,Metal1,19.2200,62.9535,0.000037
_503_,VSS,Metal1,49.1800,117.2935,0.000033
_502_,VSS,Metal1,56.6800,102.3455,0.000035
_501_,VSS,Metal1,61.7330,85.8005,0.000072
_500_,VSS,Metal1,63.4065,47.3950,0.000043
_499_,VSS,Metal1,58.2930,47.4130,0.000043
_498_,VSS,Metal1,60.6065,101.5650,0.000035
_497_,VSS,Metal1,100.0600,94.3875,0.000051
_496_,VSS,Metal1,89.3625,102.1960,0.000042
_495_,VSS,Metal1,9.9800,101.6135,0.000035
_494_,VSS,Metal1,15.2400,101.4940,0.000035
_493_,VSS,Metal1,23.8425,86.5160,0.000070
_492_,VSS,Metal1,19.7800,70.7935,0.000038
_491_,VSS,Metal1,23.1975,78.1235,0.000011
_490_,VSS,Metal1,32.3800,47.3460,0.000041
_489_,VSS,Metal1,41.0000,54.4540,0.000026
_488_,VSS,Metal1,51.4800,54.5685,0.000026
_487_,VSS,Metal1,56.7225,54.5600,0.000026
_486_,VSS,Metal1,45.2330,55.2350,0.000026
_485_,VSS,Metal1,89.0800,46.7285,0.000033
_484_,VSS,Metal1,49.1000,47.3475,0.000043
_483_,VSS,Metal1,103.9225,85.9635,0.000047
_482_,VSS,Metal1,77.7865,46.6665,0.000038
_481_,VSS,Metal1,85.0400,47.3875,0.000036
_480_,VSS,Metal1,68.1865,23.9590,0.000040
_479_,VSS,Metal1,94.7665,70.9150,0.000065
_478_,VSS,Metal1,96.1400,110.0950,0.000036
_477_,VSS,Metal1,102.2365,31.7315,0.000036
_476_,VSS,Metal1,27.6200,16.0150,0.000030
_475_,VSS,Metal1,79.2765,16.0515,0.000022
_474_,VSS,Metal1,40.6425,62.4435,0.000044
_473_,VSS,Metal1,28.8825,38.9235,0.000037
_472_,VSS,Metal1,27.6200,85.9050,0.000071
_471_,VSS,Metal1,54.6365,30.9880,0.000029
_470_,VSS,Metal1,46.6600,16.0150,0.000026
_469_,VSS,Metal1,57.4365,31.7315,0.000029
_468_,VSS,Metal1,30.5625,70.2835,0.000040
_467_,VSS,Metal1,28.8825,55.1560,0.000025
_466_,VSS,Metal1,25.0200,117.9350,0.000030
_465_,VSS,Metal1,29.5530,102.2750,0.000035
_464_,VSS,Metal1,29.8600,85.9050,0.000071
_463_,VSS,Metal1,29.9230,31.7315,0.000028
_462_,VSS,Metal1,8.5800,16.0150,0.000033
_461_,VSS,Metal1,18.1630,39.5715,0.000037
_460_,VSS,Metal1,31.5975,62.4435,0.000043
_459_,VSS,Metal1,36.0775,62.4435,0.000043
_458_,VSS,Metal1,28.1800,63.0550,0.000040
_457_,VSS,Metal1,49.5965,30.9880,0.000028
_456_,VSS,Metal1,89.6520,16.1940,0.000023
_455_,VSS,Metal1,79.3865,70.9990,0.000066
_454_,VSS,Metal1,9.9800,54.5735,0.000025
_453_,VSS,Metal1,30.3600,46.6140,0.000041
_452_,VSS,Metal1,32.6130,39.6050,0.000039
_451_,VSS,Metal1,27.7625,70.2835,0.000038
_450_,VSS,Metal1,33.1665,55.2350,0.000026
_449_,VSS,Metal1,63.7400,102.2260,0.000036
_448_,VSS,Metal1,70.1200,102.3455,0.000038
_447_,VSS,Metal1,84.6000,31.5935,0.000029
_446_,VSS,Metal1,69.2775,54.5600,0.000027
_445_,VSS,Metal1,89.7930,54.5240,0.000028
_444_,VSS,Metal1,73.2330,101.5650,0.000038
_443_,VSS,Metal1,24.7400,94.3860,0.000050
_442_,VSS,Metal1,31.4800,94.5055,0.000050
_441_,VSS,Metal1,34.3975,70.8360,0.000041
_440_,VSS,Metal1,33.9800,70.2525,0.000041
_439_,VSS,Metal1,36.8525,62.9960,0.000043
_438_,VSS,Metal1,35.1530,102.2750,0.000035
_437_,VSS,Metal1,42.6600,117.9060,0.000032
_436_,VSS,Metal1,43.8000,102.3455,0.000034
_435_,VSS,Metal1,49.5965,101.5480,0.000034
_434_,VSS,Metal1,41.3065,55.3190,0.000026
_433_,VSS,Metal1,81.3930,54.5240,0.000028
_432_,VSS,Metal1,44.1065,101.4805,0.000034
_431_,VSS,Metal1,50.8330,102.2750,0.000034
_430_,VSS,Metal1,80.1800,109.4535,0.000036
_429_,VSS,Metal1,81.8800,102.3455,0.000042
_428_,VSS,Metal1,83.2025,93.8035,0.000053
_427_,VSS,Metal1,85.5000,70.7935,0.000066
_426_,VSS,Metal1,84.2375,101.6435,0.000042
_425_,VSS,Metal1,91.6600,94.3875,0.000052
_424_,VSS,Metal1,95.8675,94.3560,0.000051
_423_,VSS,Metal1,91.8130,78.0230,0.000023
_422_,VSS,Metal1,98.2375,78.1235,0.000022
_421_,VSS,Metal1,97.2600,86.5475,0.000070
_420_,VSS,Metal1,90.2675,78.6760,0.000023
_419_,VSS,Metal1,90.1460,101.5360,0.000042
_418_,VSS,Metal1,88.1000,109.4250,0.000036
_417_,VSS,Metal1,93.7000,85.9325,0.000071
_416_,VSS,Metal1,83.5730,78.8390,0.000023
_415_,VSS,Metal1,61.7800,54.5725,0.000027
_414_,VSS,Metal1,80.1800,47.3460,0.000038
_413_,VSS,Metal1,90.2400,31.0125,0.000034
_412_,VSS,Metal1,13.5730,54.4405,0.000025
_411_,VSS,Metal1,66.2600,54.5725,0.000027
_410_,VSS,Metal1,95.7080,31.8740,0.000036
_409_,VSS,Metal1,85.2865,55.2695,0.000028
_408_,VSS,Metal1,39.5225,62.9960,0.000044
_407_,VSS,Metal1,24.4025,23.7960,0.000038
_406_,VSS,Metal1,61.5000,63.0260,0.000051
_405_,VSS,Metal1,50.5900,38.9335,0.000039
_404_,VSS,Metal1,100.2080,23.9335,0.000042
_403_,VSS,Metal1,18.6600,93.7450,0.000051
_402_,VSS,Metal1,39.8600,93.7735,0.000053
_401_,VSS,Metal1,43.2530,93.6405,0.000053
_400_,VSS,Metal1,81.6600,46.8060,0.000037
_399_,VSS,Metal1,75.4000,54.5230,0.000028
_398_,VSS,Metal1,83.5730,77.9530,0.000023
_397_,VSS,Metal1,57.6675,38.7520,0.000040
_396_,VSS,Metal1,35.2530,38.8230,0.000039
_395_,VSS,Metal1,62.8275,39.4760,0.000041
_394_,VSS,Metal1,37.8425,62.4435,0.000043
_393_,VSS,Metal1,44.0700,38.8205,0.000040
_392_,VSS,Metal1,24.4025,31.6360,0.000027
_391_,VSS,Metal1,80.6665,38.8230,0.000045
_390_,VSS,Metal1,16.4200,23.1850,0.000039
_389_,VSS,Metal1,92.0200,70.2525,0.000066
_388_,VSS,Metal1,95.9975,102.1960,0.000043
_387_,VSS,Metal1,93.9300,55.3000,0.000028
_386_,VSS,Metal1,87.2265,78.8390,0.000023
_385_,VSS,Metal1,88.6800,62.3630,0.000054
_384_,VSS,Metal1,44.3730,46.6005,0.000043
_383_,VSS,Metal1,66.5065,16.1190,0.000023
_382_,VSS,Metal1,111.8665,23.0805,0.000042
_381_,VSS,Metal1,53.6265,23.0805,0.000039
_380_,VSS,Metal1,54.7465,62.2805,0.000049
_379_,VSS,Metal1,50.2665,55.3190,0.000026
_378_,VSS,Metal1,44.1065,62.2805,0.000045
_377_,VSS,Metal1,35.7065,54.4405,0.000026
_376_,VSS,Metal1,28.9865,47.4790,0.000041
_375_,VSS,Metal1,21.4130,47.4790,0.000039
_374_,VSS,Metal1,18.0530,47.4790,0.000040
_373_,VSS,Metal1,82.6550,70.2050,0.000066
_372_,VSS,Metal1,75.8375,70.8360,0.000066
_371_,VSS,Metal1,101.5400,85.9325,0.000065
_370_,VSS,Metal1,85.7525,94.3135,0.000053
_369_,VSS,Metal1,80.4025,101.6435,0.000042
_368_,VSS,Metal1,89.2200,85.9325,0.000071
_367_,VSS,Metal1,92.7800,62.3850,0.000054
_366_,VSS,Metal1,69.6200,101.6125,0.000038
_365_,VSS,Metal1,80.3230,85.8680,0.000071
_364_,VSS,Metal1,64.5800,93.7725,0.000053
_363_,VSS,Metal1,75.3565,85.8680,0.000071
_362_,VSS,Metal1,70.8825,78.1235,0.000022
_361_,VSS,Metal1,58.4200,85.9325,0.000072
_360_,VSS,Metal1,67.4430,62.3480,0.000053
_359_,VSS,Metal1,64.7225,78.1235,0.000022
_358_,VSS,Metal1,64.7800,85.9050,0.000072
_357_,VSS,Metal1,56.7400,101.6125,0.000035
_356_,VSS,Metal1,57.9230,55.2515,0.000026
_355_,VSS,Metal1,37.8425,55.1560,0.000026
_354_,VSS,Metal1,58.6200,109.4250,0.000032
_353_,VSS,Metal1,51.1400,93.7725,0.000053
_352_,VSS,Metal1,55.1230,78.0280,0.000022
_351_,VSS,Metal1,52.4025,70.8360,0.000066
_350_,VSS,Metal1,42.7580,78.7505,0.000020
_349_,VSS,Metal1,54.5575,93.8035,0.000053
_348_,VSS,Metal1,37.3865,86.6790,0.000071
_347_,VSS,Metal1,34.9180,85.8890,0.000071
_346_,VSS,Metal1,34.4825,78.6760,0.000020
_345_,VSS,Metal1,34.2930,86.6790,0.000071
_344_,VSS,Metal1,17.4600,78.1025,0.000012
_343_,VSS,Metal1,16.5625,78.6760,0.000012
_342_,VSS,Metal1,9.2825,70.2835,0.000038
_341_,VSS,Metal1,23.1975,70.2835,0.000037
_340_,VSS,Metal1,62.7130,86.5950,0.000072
_339_,VSS,Metal1,61.9350,70.9150,0.000066
_338_,VSS,Metal1,18.3000,70.2525,0.000038
_337_,VSS,Metal1,17.6030,54.5080,0.000024
_336_,VSS,Metal1,95.9400,78.7075,0.000023
_335_,VSS,Metal1,112.1000,78.7060,0.000022
_334_,VSS,Metal1,101.8465,78.0550,0.000022
_333_,VSS,Metal1,99.5000,110.0950,0.000036
_332_,VSS,Metal1,79.2825,78.1235,0.000022
_331_,VSS,Metal1,74.5800,78.1025,0.000022
_330_,VSS,Metal1,88.1575,70.2835,0.000066
_329_,VSS,Metal1,96.9800,85.9335,0.000070
_328_,VSS,Metal1,107.6900,78.7790,0.000022
_327_,VSS,Metal1,83.6200,85.9050,0.000071
_326_,VSS,Metal1,70.2375,78.6760,0.000022
_325_,VSS,Metal1,68.9800,85.9425,0.000072
_324_,VSS,Metal1,68.0825,78.1235,0.000022
_323_,VSS,Metal1,92.3000,93.7735,0.000052
_322_,VSS,Metal1,88.0900,93.7005,0.000053
_321_,VSS,Metal1,76.9000,102.2550,0.000039
_320_,VSS,Metal1,112.7975,15.9560,0.000021
_319_,VSS,Metal1,76.6200,47.3375,0.000038
_318_,VSS,Metal1,77.1800,101.6135,0.000039
_317_,VSS,Metal1,76.8900,94.4590,0.000053
_316_,VSS,Metal1,65.1400,101.5850,0.000036
_315_,VSS,Metal1,53.9975,31.6360,0.000029
_314_,VSS,Metal1,70.4600,47.3375,0.000043
_313_,VSS,Metal1,72.0025,70.8360,0.000066
_312_,VSS,Metal1,41.6775,46.7635,0.000043
_311_,VSS,Metal1,59.8200,39.4975,0.000041
_310_,VSS,Metal1,61.9225,78.1235,0.000022
_309_,VSS,Metal1,51.1975,70.2835,0.000050
_308_,VSS,Metal1,55.9000,63.0175,0.000049
_307_,VSS,Metal1,57.4425,70.8360,0.000066
_306_,VSS,Metal1,38.3175,78.6760,0.000020
_305_,VSS,Metal1,50.8600,78.1025,0.000021
_304_,VSS,Metal1,48.4825,85.9635,0.000071
_303_,VSS,Metal1,43.5465,70.1205,0.000046
_302_,VSS,Metal1,25.4375,78.6760,0.000011
_301_,VSS,Metal1,29.7800,78.6975,0.000019
_300_,VSS,Metal1,34.5400,110.0950,0.000031
_299_,VSS,Metal1,38.9625,78.1235,0.000020
_298_,VSS,Metal1,36.2665,77.9605,0.000020
_297_,VSS,Metal1,19.3625,62.4435,0.000037
_296_,VSS,Metal1,12.9800,70.2625,0.000038
_295_,VSS,Metal1,25.9975,70.2835,0.000038
_294_,VSS,Metal1,31.8200,78.0935,0.000019
_293_,VSS,Metal1,27.6100,78.0205,0.000019
_292_,VSS,Metal1,22.1625,62.4435,0.000037
_291_,VSS,Metal1,19.5000,55.1775,0.000024
_290_,VSS,Metal1,17.5975,62.4435,0.000038
_289_,VSS,Metal1,76.8305,63.1970,0.000054
_288_,VSS,Metal1,91.2730,63.0750,0.000054
_287_,VSS,Metal1,96.8865,63.0750,0.000056
_286_,VSS,Metal1,24.4025,55.1560,0.000024
_285_,VSS,Metal1,99.1600,78.7110,0.000022
_284_,VSS,Metal1,92.1625,102.1960,0.000043
_283_,VSS,Metal1,101.7400,70.8675,0.000065
_282_,VSS,Metal1,89.7700,70.9390,0.000066
_281_,VSS,Metal1,60.1575,78.1235,0.000022
_280_,VSS,Metal1,102.6600,63.0275,0.000056
_279_,VSS,Metal1,62.6465,31.7050,0.000029
_278_,VSS,Metal1,47.7800,70.8950,0.000048
_277_,VSS,Metal1,72.6200,78.7075,0.000022
_276_,VSS,Metal1,69.9265,38.8550,0.000045
_275_,VSS,Metal1,64.0200,63.0550,0.000053
_274_,VSS,Metal1,70.7400,55.1875,0.000027
_273_,VSS,Metal1,44.4200,31.0250,0.000028
_272_,VSS,Metal1,64.4530,38.8265,0.000041
_271_,VSS,Metal1,50.0200,70.8950,0.000050
_270_,VSS,Metal1,64.0200,55.1875,0.000027
_269_,VSS,Metal1,55.0600,70.8950,0.000066
_268_,VSS,Metal1,53.8130,47.4130,0.000043
_267_,VSS,Metal1,59.1800,63.0550,0.000050
_266_,VSS,Metal1,59.5400,62.4125,0.000050
_265_,VSS,Metal1,47.7800,70.2250,0.000048
_264_,VSS,Metal1,50.4530,62.3465,0.000045
_263_,VSS,Metal1,44.0600,78.0650,0.000020
_262_,VSS,Metal1,45.8800,63.0310,0.000045
_261_,VSS,Metal1,37.8425,70.2835,0.000044
_260_,VSS,Metal1,43.6400,70.7935,0.000046
_259_,VSS,Metal1,28.3225,70.8360,0.000038
_258_,VSS,Metal1,36.6250,31.0050,0.000028
_257_,VSS,Metal1,32.6600,63.0275,0.000043
_256_,VSS,Metal1,27.0500,62.3405,0.000040
_255_,VSS,Metal1,24.4025,62.9960,0.000038
_254_,VSS,Metal1,68.3730,71.0065,0.000066
_253_,VSS,Metal1,32.6600,54.5725,0.000026
_252_,VSS,Metal1,61.0920,78.9140,0.000022
_251_,VSS,Metal1,78.2000,78.7565,0.000022
_250_,VSS,Metal1,22.7800,55.2150,0.000024
_249_,VSS,Metal1,24.5865,39.5730,0.000037
_248_,VSS,Metal1,31.7400,70.8950,0.000040
_247_,VSS,Metal1,37.8550,46.6850,0.000043
_246_,VSS,Metal1,76.2120,55.3940,0.000028
_245_,VSS,Metal1,77.6650,62.3020,0.000054
_244_,VSS,Metal1,72.9500,117.1980,0.000032
_243_,VSS,Metal1,63.4030,62.3030,0.000053
_242_,VSS,Metal1,57.1600,93.7685,0.000053
_241_,VSS,Metal1,57.9175,86.5160,0.000072
_240_,VSS,Metal1,40.5000,70.2250,0.000046
_239_,VSS,Metal1,52.8650,85.8850,0.000071
_238_,VSS,Metal1,55.2150,78.7550,0.000022
_237_,VSS,Metal1,71.0680,94.5940,0.000053
_236_,VSS,Metal1,55.8200,110.0675,0.000032
_235_,VSS,Metal1,52.4025,109.4835,0.000031
_234_,VSS,Metal1,55.8200,109.4250,0.000032
_233_,VSS,Metal1,48.5400,109.4525,0.000031
_232_,VSS,Metal1,44.0025,109.4835,0.000031
_231_,VSS,Metal1,41.2600,101.5850,0.000034
_230_,VSS,Metal1,37.7000,117.2925,0.000031
_229_,VSS,Metal1,42.2375,109.4835,0.000031
_228_,VSS,Metal1,24.8200,102.2550,0.000035
_227_,VSS,Metal1,28.9400,86.5475,0.000071
_226_,VSS,Metal1,19.9225,78.6760,0.000012
_225_,VSS,Metal1,16.4200,93.7450,0.000051
_224_,VSS,Metal1,40.7000,117.2925,0.000032
_223_,VSS,Metal1,33.3625,117.8760,0.000030
_222_,VSS,Metal1,24.8200,70.8950,0.000038
_221_,VSS,Metal1,22.3480,110.2740,0.000030
_220_,VSS,Metal1,36.3480,109.2460,0.000031
