OpenROAD b16bda7e82721d10566ff7e2b68f1ff0be9f9e38 
Features included (+) or not (-): +Charts +GPU +GUI +Python
This program is licensed under the BSD-3 license. See the LICENSE file for details.
Components of this program may be licensed under more restrictive licenses which must be honored.
Top-level design name: state_machine
Block boundaries: 0 0 243940 279780
Horizontal Tracks Origin: 560, Count: 250, Step: 1120
Vertical Tracks Origin: 560, Count: 218, Step: 1120
Placement details for the #N side
Virtual pin count:  0
Actual pin count:  12
Total pin count:  12
Tracks count:  109
Tracks per pin:  9
Used tracks count:  100
Unused track count:  9
Starting track index:  4
Placement Map:
[560, 2800, 5040, 7280, [91m9520[0m, 11760, 14000, 16240, 18480, 20720, 22960, 25200, 27440, [91m29680[0m, 31920, 34160, 36400, 38640, 40880, 43120, 45360, 47600, [91m49840[0m, 52080, 54320, 56560, 58800, 61040, 63280, 65520, 67760, [91m70000[0m, 72240, 74480, 76720, 78960, 81200, 83440, 85680, 87920, [91m90160[0m, 92400, 94640, 96880, 99120, 101360, 103600, 105840, 108080, [91m110320[0m, 112560, 114800, 117040, 119280, 121520, 123760, 126000, 128240, [91m130480[0m, 132720, 134960, 137200, 139440, 141680, 143920, 146160, 148400, [91m150640[0m, 152880, 155120, 157360, 159600, 161840, 164080, 166320, 168560, [91m170800[0m, 173040, 175280, 177520, 179760, 182000, 184240, 186480, 188720, [91m190960[0m, 193200, 195440, 197680, 199920, 202160, 204400, 206640, 208880, [91m211120[0m, 213360, 215600, 217840, 220080, 222320, 224560, 226800, 229040, [91m231280[0m, 233520, 235760, 238000, 240240, 242480, ]
Indices of used tracks: [4, 13, 22, 31, 40, 49, 58, 67, 76, 85, 94, 103]
---
Placement details for the #E side
Virtual pin count:  0
Actual pin count:  23
Total pin count:  23
Tracks count:  125
Tracks per pin:  5
Used tracks count:  111
Unused track count:  14
Starting track index:  7
Placement Map:
[560, 2800, 5040, 7280, 9520, 11760, 14000, [91m16240[0m, 18480, 20720, 22960, 25200, [91m27440[0m, 29680, 31920, 34160, 36400, [91m38640[0m, 40880, 43120, 45360, 47600, [91m49840[0m, 52080, 54320, 56560, 58800, [91m61040[0m, 63280, 65520, 67760, 70000, [91m72240[0m, 74480, 76720, 78960, 81200, [91m83440[0m, 85680, 87920, 90160, 92400, [91m94640[0m, 96880, 99120, 101360, 103600, [91m105840[0m, 108080, 110320, 112560, 114800, [91m117040[0m, 119280, 121520, 123760, 126000, [91m128240[0m, 130480, 132720, 134960, 137200, [91m139440[0m, 141680, 143920, 146160, 148400, [91m150640[0m, 152880, 155120, 157360, 159600, [91m161840[0m, 164080, 166320, 168560, 170800, [91m173040[0m, 175280, 177520, 179760, 182000, [91m184240[0m, 186480, 188720, 190960, 193200, [91m195440[0m, 197680, 199920, 202160, 204400, [91m206640[0m, 208880, 211120, 213360, 215600, [91m217840[0m, 220080, 222320, 224560, 226800, [91m229040[0m, 231280, 233520, 235760, 238000, [91m240240[0m, 242480, 244720, 246960, 249200, [91m251440[0m, 253680, 255920, 258160, 260400, [91m262640[0m, 264880, 267120, 269360, 271600, 273840, 276080, 278320, ]
Indices of used tracks: [7, 12, 17, 22, 27, 32, 37, 42, 47, 52, 57, 62, 67, 72, 77, 82, 87, 92, 97, 102, 107, 112, 117]
---
Placement details for the #S side
Virtual pin count:  0
Actual pin count:  30
Total pin count:  30
Tracks count:  109
Tracks per pin:  3
Used tracks count:  88
Unused track count:  21
Starting track index:  10
Placement Map:
[560, 2800, 5040, 7280, 9520, 11760, 14000, 16240, 18480, 20720, [91m22960[0m, 25200, 27440, [91m29680[0m, 31920, 34160, [91m36400[0m, 38640, 40880, [91m43120[0m, 45360, 47600, [91m49840[0m, 52080, 54320, [91m56560[0m, 58800, 61040, [91m63280[0m, 65520, 67760, [91m70000[0m, 72240, 74480, [91m76720[0m, 78960, 81200, [91m83440[0m, 85680, 87920, [91m90160[0m, 92400, 94640, [91m96880[0m, 99120, 101360, [91m103600[0m, 105840, 108080, [91m110320[0m, 112560, 114800, [91m117040[0m, 119280, 121520, [91m123760[0m, 126000, 128240, [91m130480[0m, 132720, 134960, [91m137200[0m, 139440, 141680, [91m143920[0m, 146160, 148400, [91m150640[0m, 152880, 155120, [91m157360[0m, 159600, 161840, [91m164080[0m, 166320, 168560, [91m170800[0m, 173040, 175280, [91m177520[0m, 179760, 182000, [91m184240[0m, 186480, 188720, [91m190960[0m, 193200, 195440, [91m197680[0m, 199920, 202160, [91m204400[0m, 206640, 208880, [91m211120[0m, 213360, 215600, [91m217840[0m, 220080, 222320, 224560, 226800, 229040, 231280, 233520, 235760, 238000, 240240, 242480, ]
Indices of used tracks: [10, 13, 16, 19, 22, 25, 28, 31, 34, 37, 40, 43, 46, 49, 52, 55, 58, 61, 64, 67, 70, 73, 76, 79, 82, 85, 88, 91, 94, 97]
---
Placement details for the #W side
Virtual pin count:  0
Actual pin count:  23
Total pin count:  23
Tracks count:  125
Tracks per pin:  5
Used tracks count:  111
Unused track count:  14
Starting track index:  7
Placement Map:
[560, 2800, 5040, 7280, 9520, 11760, 14000, [91m16240[0m, 18480, 20720, 22960, 25200, [91m27440[0m, 29680, 31920, 34160, 36400, [91m38640[0m, 40880, 43120, 45360, 47600, [91m49840[0m, 52080, 54320, 56560, 58800, [91m61040[0m, 63280, 65520, 67760, 70000, [91m72240[0m, 74480, 76720, 78960, 81200, [91m83440[0m, 85680, 87920, 90160, 92400, [91m94640[0m, 96880, 99120, 101360, 103600, [91m105840[0m, 108080, 110320, 112560, 114800, [91m117040[0m, 119280, 121520, 123760, 126000, [91m128240[0m, 130480, 132720, 134960, 137200, [91m139440[0m, 141680, 143920, 146160, 148400, [91m150640[0m, 152880, 155120, 157360, 159600, [91m161840[0m, 164080, 166320, 168560, 170800, [91m173040[0m, 175280, 177520, 179760, 182000, [91m184240[0m, 186480, 188720, 190960, 193200, [91m195440[0m, 197680, 199920, 202160, 204400, [91m206640[0m, 208880, 211120, 213360, 215600, [91m217840[0m, 220080, 222320, 224560, 226800, [91m229040[0m, 231280, 233520, 235760, 238000, [91m240240[0m, 242480, 244720, 246960, 249200, [91m251440[0m, 253680, 255920, 258160, 260400, [91m262640[0m, 264880, 267120, 269360, 271600, 273840, 276080, 278320, ]
Indices of used tracks: [7, 12, 17, 22, 27, 32, 37, 42, 47, 52, 57, 62, 67, 72, 77, 82, 87, 92, 97, 102, 107, 112, 117]
---
