OpenROAD b16bda7e82721d10566ff7e2b68f1ff0be9f9e38 
Features included (+) or not (-): +Charts +GPU +GUI +Python
This program is licensed under the BSD-3 license. See the LICENSE file for details.
Components of this program may be licensed under more restrictive licenses which must be honored.
define_corners Typical
read_liberty -corner Typical /home/khanhduy/conda-gf180mcu-env/envs/gf180mcu-env/share/pdk/gf180mcuD/libs.ref/gf180mcu_fd_sc_mcu7t5v0/lib/gf180mcu_fd_sc_mcu7t5v0__tt_025C_5v00.lib
Using 1e-12 for capacitance...
Using 1e+00 for resistance...
Using 1e-09 for time...
Using 1e+00 for voltage...
Using 1e-03 for current...
Using 1e-06 for power...
Using 1e-06 for distance...
[INFO ODB-0388] unsupported LEF58_EOLENCLOSURE property for layer Via1 :"
  	EOLENCLOSURE 0.34 0.06 ;"
[INFO ODB-0388] unsupported LEF58_EOLENCLOSURE property for layer Via2 :" EOLENCLOSURE 0.34 0.06 ; "
[INFO ODB-0388] unsupported LEF58_EOLENCLOSURE property for layer Via3 :" EOLENCLOSURE 0.34 0.06 ; "
[INFO ODB-0388] unsupported LEF58_EOLENCLOSURE property for layer Via4 :" EOLENCLOSURE 0.34 0.06 ; "
[INFO ODB-0227] LEF file: /home/khanhduy/Sar_ADC_12bit/Schematic/state_machine/runs/gf_run5/tmp/merged.nom.lef, created 15 layers, 56 vias, 229 library cells
Reading netlist '/home/khanhduy/Sar_ADC_12bit/Schematic/state_machine/runs/gf_run5/results/synthesis/state_machine.v'…
Reading design constraints file at '/home/khanhduy/conda-gf180mcu-env/envs/gf180mcu-env/share/openlane/scripts/base.sdc'…
[INFO]: Setting output delay to: 10.0
[INFO]: Setting input delay to: 10.0
[INFO]: Setting load to: 0.07291
[INFO]: Setting clock uncertainty to: 0.25
[INFO]: Setting clock transition to: 0.15
[INFO]: Setting timing derate to: 5.0 %
[INFO IFP-0001] Added 27 rows of 193 site GF018hv5v_mcu_sc7.
[INFO IFP-0030] Inserted 0 tiecells using gf180mcu_fd_sc_mcu7t5v0__tiel/ZN.
[INFO IFP-0030] Inserted 0 tiecells using gf180mcu_fd_sc_mcu7t5v0__tieh/Z.
[INFO] Extracting DIE_AREA and CORE_AREA from the floorplan
[INFO] Floorplanned on a die area of 0.0 0.0 121.97 139.89 (microns). Saving to /home/khanhduy/Sar_ADC_12bit/Schematic/state_machine/runs/gf_run5/reports/floorplan/3-initial_fp_die_area.rpt.
[INFO] Floorplanned on a core area of 6.72 15.68 114.8 121.52 (microns). Saving to /home/khanhduy/Sar_ADC_12bit/Schematic/state_machine/runs/gf_run5/reports/floorplan/3-initial_fp_core_area.rpt.
Writing OpenROAD database to '/home/khanhduy/Sar_ADC_12bit/Schematic/state_machine/runs/gf_run5/tmp/floorplan/3-initial_fp.odb'…
Writing layout to '/home/khanhduy/Sar_ADC_12bit/Schematic/state_machine/runs/gf_run5/tmp/floorplan/3-initial_fp.def'…
Writing timing constraints to '/home/khanhduy/Sar_ADC_12bit/Schematic/state_machine/runs/gf_run5/tmp/floorplan/3-initial_fp.sdc'…
