OpenROAD b16bda7e82721d10566ff7e2b68f1ff0be9f9e38 
Features included (+) or not (-): +Charts +GPU +GUI +Python
This program is licensed under the BSD-3 license. See the LICENSE file for details.
Components of this program may be licensed under more restrictive licenses which must be honored.
[INFO ODB-0388] unsupported LEF58_EOLENCLOSURE property for layer Via1 :"
  	EOLENCLOSURE 0.34 0.06 ;"
[INFO ODB-0388] unsupported LEF58_EOLENCLOSURE property for layer Via2 :" EOLENCLOSURE 0.34 0.06 ; "
[INFO ODB-0388] unsupported LEF58_EOLENCLOSURE property for layer Via3 :" EOLENCLOSURE 0.34 0.06 ; "
[INFO ODB-0388] unsupported LEF58_EOLENCLOSURE property for layer Via4 :" EOLENCLOSURE 0.34 0.06 ; "
[INFO ODB-0227] LEF file: /home/khanhduy/Sar_ADC_12bit/Schematic/state_machine/runs/gf_run5/tmp/merged.max.lef, created 15 layers, 56 vias, 229 library cells
[INFO ODB-0127] Reading DEF file: /home/khanhduy/Sar_ADC_12bit/Schematic/state_machine/runs/gf_run5/results/routing/state_machine.def
[INFO ODB-0128] Design: state_machine
[INFO ODB-0130]     Created 90 pins.
[INFO ODB-0131]     Created 711 components and 3865 component-terminals.
[INFO ODB-0132]     Created 2 special nets and 2592 connections.
[INFO ODB-0133]     Created 432 nets and 1270 connections.
[INFO ODB-0134] Finished DEF file: /home/khanhduy/Sar_ADC_12bit/Schematic/state_machine/runs/gf_run5/results/routing/state_machine.def
define_corners Typical
read_liberty -corner Typical /home/khanhduy/conda-gf180mcu-env/envs/gf180mcu-env/share/pdk/gf180mcuD/libs.ref/gf180mcu_fd_sc_mcu7t5v0/lib/gf180mcu_fd_sc_mcu7t5v0__tt_025C_5v00.lib
Using 1e-12 for capacitance...
Using 1e+00 for resistance...
Using 1e-09 for time...
Using 1e+00 for voltage...
Using 1e-03 for current...
Using 1e-06 for power...
Using 1e-06 for distance...
Using RCX ruleset '/home/khanhduy/conda-gf180mcu-env/envs/gf180mcu-env/share/pdk/gf180mcuD/libs.tech/openlane/rules.openrcx.gf180mcuD.max'...
[INFO RCX-0431] Defined process_corner X with ext_model_index 0
[INFO RCX-0029] Defined extraction corner X
[INFO RCX-0008] extracting parasitics of state_machine ...
[INFO RCX-0435] Reading extraction model file /home/khanhduy/conda-gf180mcu-env/envs/gf180mcu-env/share/pdk/gf180mcuD/libs.tech/openlane/rules.openrcx.gf180mcuD.max ...
[INFO RCX-0436] RC segment generation state_machine (max_merge_res 50.0) ...
[INFO RCX-0040] Final 1459 rc segments
[INFO RCX-0439] Coupling Cap extraction state_machine ...
[INFO RCX-0440] Coupling threshhold is 0.1000 fF, coupling capacitance less than 0.1000 fF will be grounded.
[INFO RCX-0043] 3133 wires to be extracted
[INFO RCX-0442] 47% completion -- 1490 wires have been extracted
[INFO RCX-0442] 100% completion -- 3133 wires have been extracted
[INFO RCX-0045] Extract 432 nets, 1891 rsegs, 1891 caps, 4791 ccs
[INFO RCX-0015] Finished extracting state_machine.
Writing result to /home/khanhduy/Sar_ADC_12bit/Schematic/state_machine/runs/gf_run5/results/routing/mca/process_corner_max/state_machine.spef...
Setting global connections for newly added cells…
[WARNING] Did not save OpenROAD database!
Writing extracted parasitics to '/home/khanhduy/Sar_ADC_12bit/Schematic/state_machine/runs/gf_run5/results/routing/mca/process_corner_max/state_machine.spef'…
[INFO RCX-0016] Writing SPEF ...
[INFO RCX-0443] 432 nets finished
[INFO RCX-0017] Finished writing SPEF ...
